INFO 2025-04-08 08:19:48,330 autoreload Watching for file changes with StatReloader
INFO 2025-04-08 08:19:50,534 autoreload /Users/zaharromasov/Desktop/TRPO-ZES/backend/core/settings.py changed, reloading.
INFO 2025-04-08 08:19:50,748 autoreload Watching for file changes with StatReloader
INFO 2025-04-08 08:19:56,909 autoreload Watching for file changes with StatReloader
INFO 2025-04-08 08:20:08,328 autoreload Watching for file changes with StatReloader
INFO 2025-04-08 08:20:40,601 views Создан новый пользователь: abragimovlim@gmail.com
INFO 2025-04-08 08:20:40,601 email_service Начало отправки верификационного письма для abragimovlim@gmail.com с кодом 528770
INFO 2025-04-08 08:20:40,601 email_service FRONTEND_URL = http://localhost:3000
INFO 2025-04-08 08:20:40,601 email_service Сформирован URL верификации: http://localhost:3000/verify-email?email=abragimovlim@gmail.com&code=528770
INFO 2025-04-08 08:20:40,601 email_service Рендеринг шаблонов письма для abragimovlim@gmail.com
INFO 2025-04-08 08:20:40,606 email_service Отправка письма на abragimovlim@gmail.com с FROM: zakharomashov@yandex.ru
INFO 2025-04-08 08:20:41,210 email_service Результат отправки письма: 1. Verification email sent to abragimovlim@gmail.com
INFO 2025-04-08 08:20:41,211 basehttp "POST /api/register/ HTTP/1.1" 201 144
INFO 2025-04-08 08:21:21,353 basehttp "OPTIONS /api/verify-email/ HTTP/1.1" 200 0
WARNING 2025-04-08 08:21:21,369 views Неверный или устаревший код верификации для abragimovlim@gmail.com
WARNING 2025-04-08 08:21:21,370 log Bad Request: /api/verify-email/
WARNING 2025-04-08 08:21:21,370 basehttp "POST /api/verify-email/ HTTP/1.1" 400 92
INFO 2025-04-08 08:21:30,046 views Пользователь abragimovlim@gmail.com подтвердил свой email
INFO 2025-04-08 08:21:30,048 basehttp "POST /api/verify-email/ HTTP/1.1" 200 57
INFO 2025-04-08 08:21:30,306 basehttp "POST /api/token/ HTTP/1.1" 200 486
INFO 2025-04-08 08:21:31,320 basehttp "OPTIONS /api/documents/?root=true HTTP/1.1" 200 0
INFO 2025-04-08 08:21:31,340 basehttp "GET /api/documents/?root=true HTTP/1.1" 200 2
INFO 2025-04-08 08:21:31,486 basehttp "OPTIONS /api/users/notifications/ HTTP/1.1" 200 0
INFO 2025-04-08 08:21:31,488 basehttp "OPTIONS /api/documents/?root=true HTTP/1.1" 200 0
INFO 2025-04-08 08:21:31,490 basehttp "OPTIONS /api/users/notifications/ HTTP/1.1" 200 0
INFO 2025-04-08 08:21:31,492 basehttp "OPTIONS /api/users/me/ HTTP/1.1" 200 0
INFO 2025-04-08 08:21:31,492 basehttp "OPTIONS /api/documents/?root=true HTTP/1.1" 200 0
INFO 2025-04-08 08:21:31,515 basehttp "GET /api/users/notifications/ HTTP/1.1" 200 2
INFO 2025-04-08 08:21:31,515 basehttp "GET /api/users/me/ HTTP/1.1" 200 151
INFO 2025-04-08 08:21:31,517 basehttp "GET /api/documents/?root=true HTTP/1.1" 200 2
INFO 2025-04-08 08:21:31,524 basehttp "OPTIONS /api/documents/?root=true HTTP/1.1" 200 0
INFO 2025-04-08 08:21:31,524 basehttp "GET /api/users/notifications/ HTTP/1.1" 200 2
INFO 2025-04-08 08:21:31,526 basehttp "GET /api/documents/?root=true HTTP/1.1" 200 2
INFO 2025-04-08 08:21:31,533 basehttp "GET /api/documents/?root=true HTTP/1.1" 200 2
INFO 2025-04-08 08:21:31,535 basehttp "OPTIONS /api/documents/ HTTP/1.1" 200 0
INFO 2025-04-08 08:21:31,551 basehttp "POST /api/documents/ HTTP/1.1" 201 224
INFO 2025-04-08 08:21:31,809 basehttp "OPTIONS /api/documents/favorites/ HTTP/1.1" 200 0
INFO 2025-04-08 08:21:31,809 basehttp "OPTIONS /api/documents/shared_with_me/ HTTP/1.1" 200 0
INFO 2025-04-08 08:21:31,812 basehttp "OPTIONS /api/documents/151/ HTTP/1.1" 200 0
INFO 2025-04-08 08:21:31,812 basehttp "OPTIONS /api/users/me/ HTTP/1.1" 200 0
INFO 2025-04-08 08:21:31,814 basehttp "OPTIONS /api/documents/favorites/ HTTP/1.1" 200 0
INFO 2025-04-08 08:21:31,816 basehttp "OPTIONS /api/documents/shared_with_me/ HTTP/1.1" 200 0
INFO 2025-04-08 08:21:31,817 basehttp "OPTIONS /api/documents/151/ HTTP/1.1" 200 0
INFO 2025-04-08 08:21:31,824 basehttp "GET /api/users/me/ HTTP/1.1" 200 151
INFO 2025-04-08 08:21:31,827 basehttp "GET /api/documents/shared_with_me/ HTTP/1.1" 200 2
INFO 2025-04-08 08:21:31,827 basehttp "GET /api/documents/favorites/ HTTP/1.1" 200 2
INFO 2025-04-08 08:21:31,834 basehttp "GET /api/documents/151/ HTTP/1.1" 200 1816
INFO 2025-04-08 08:21:31,840 basehttp "GET /api/documents/shared_with_me/ HTTP/1.1" 200 2
INFO 2025-04-08 08:21:31,840 basehttp "GET /api/documents/favorites/ HTTP/1.1" 200 2
INFO 2025-04-08 08:21:31,848 basehttp "GET /api/documents/151/ HTTP/1.1" 200 1816
INFO 2025-04-08 08:21:31,857 basehttp "OPTIONS /api/users/notifications/ HTTP/1.1" 200 0
INFO 2025-04-08 08:21:31,859 basehttp "OPTIONS /api/users/notifications/ HTTP/1.1" 200 0
INFO 2025-04-08 08:21:31,878 basehttp "GET /api/users/notifications/ HTTP/1.1" 200 2
INFO 2025-04-08 08:21:31,891 basehttp "GET /api/users/notifications/ HTTP/1.1" 200 2
INFO 2025-04-08 08:21:33,534 basehttp "OPTIONS /api/documents/?root=true HTTP/1.1" 200 0
INFO 2025-04-08 08:21:33,550 basehttp "GET /api/documents/?root=true HTTP/1.1" 200 226
INFO 2025-04-08 08:22:02,297 basehttp "OPTIONS /api/users/notifications/ HTTP/1.1" 200 0
INFO 2025-04-08 08:22:02,318 basehttp "GET /api/users/notifications/ HTTP/1.1" 200 2
INFO 2025-04-08 08:22:32,298 basehttp "OPTIONS /api/users/notifications/ HTTP/1.1" 200 0
INFO 2025-04-08 08:22:32,327 basehttp "GET /api/users/notifications/ HTTP/1.1" 200 2
INFO 2025-04-08 08:22:47,218 basehttp "GET /admin/users/user/ HTTP/1.1" 200 15399
INFO 2025-04-08 08:22:47,275 basehttp "GET /admin/jsi18n/ HTTP/1.1" 200 3342
DEBUG 2025-04-08 08:22:52,621 base Exception while resolving variable 'password_url' in template 'auth/widgets/read_only_password_hash.html'.
Traceback (most recent call last):
  File "/Users/zaharromasov/Desktop/TRPO-ZES/backend/venv/lib/python3.11/site-packages/django/template/base.py", line 883, in _resolve_lookup
    current = current[bit]
              ~~~~~~~^^^^^
  File "/Users/zaharromasov/Desktop/TRPO-ZES/backend/venv/lib/python3.11/site-packages/django/template/context.py", line 85, in __getitem__
    raise KeyError(key)
KeyError: 'password_url'

During handling of the above exception, another exception occurred:

Traceback (most recent call last):
  File "/Users/zaharromasov/Desktop/TRPO-ZES/backend/venv/lib/python3.11/site-packages/django/template/base.py", line 889, in _resolve_lookup
    if isinstance(current, BaseContext) and getattr(
                                            ^^^^^^^^
AttributeError: type object 'Context' has no attribute 'password_url'

During handling of the above exception, another exception occurred:

Traceback (most recent call last):
  File "/Users/zaharromasov/Desktop/TRPO-ZES/backend/venv/lib/python3.11/site-packages/django/template/base.py", line 899, in _resolve_lookup
    current = current[int(bit)]
                      ^^^^^^^^
ValueError: invalid literal for int() with base 10: 'password_url'

During handling of the above exception, another exception occurred:

Traceback (most recent call last):
  File "/Users/zaharromasov/Desktop/TRPO-ZES/backend/venv/lib/python3.11/site-packages/django/template/base.py", line 906, in _resolve_lookup
    raise VariableDoesNotExist(
django.template.base.VariableDoesNotExist: Failed lookup for key [password_url] in [{'True': True, 'False': False, 'None': None}, {'widget': {'name': 'password', 'is_hidden': False, 'required': False, 'value': 'pbkdf2_sha256$870000$CfdBQHd5lNA1cZD0ulGnPG$OfjikgF9FMYoZjxYiLvocr+m7tsGDfzvYTZH+9OlENw=', 'attrs': {'disabled': True, 'aria-describedby': 'id_password_helptext', 'id': 'id_password'}, 'template_name': 'auth/widgets/read_only_password_hash.html'}, 'summary': [{'label': 'algorithm', 'value': 'pbkdf2_sha256'}, {'label': 'iterations', 'value': 870000}, {'label': 'salt', 'value': 'CfdBQH****************'}, {'label': 'hash', 'value': 'Ofjikg**************************************'}], 'button_label': 'Reset password'}]
INFO 2025-04-08 08:22:52,636 basehttp "GET /admin/users/user/45/change/ HTTP/1.1" 200 25880
INFO 2025-04-08 08:22:52,671 basehttp "GET /admin/jsi18n/ HTTP/1.1" 200 3342
INFO 2025-04-08 08:22:54,802 basehttp "GET /admin/users/user/45/delete/ HTTP/1.1" 200 10760
INFO 2025-04-08 08:22:56,474 basehttp "POST /admin/users/user/45/delete/ HTTP/1.1" 302 0
INFO 2025-04-08 08:22:56,491 basehttp "GET /admin/users/user/ HTTP/1.1" 200 15086
INFO 2025-04-08 08:22:56,519 basehttp "GET /admin/jsi18n/ HTTP/1.1" 200 3342
INFO 2025-04-08 08:23:02,298 basehttp "OPTIONS /api/users/notifications/ HTTP/1.1" 200 0
WARNING 2025-04-08 08:23:02,322 log Unauthorized: /api/users/notifications/
WARNING 2025-04-08 08:23:02,322 basehttp "GET /api/users/notifications/ HTTP/1.1" 401 51
INFO 2025-04-08 08:23:02,329 basehttp "OPTIONS /api/token/refresh/ HTTP/1.1" 200 0
DEBUG 2025-04-08 08:23:02,352 base Exception while resolving variable 'exception_notes' in template 'unknown'.
Traceback (most recent call last):
  File "/Users/zaharromasov/Desktop/TRPO-ZES/backend/venv/lib/python3.11/site-packages/django/core/handlers/exception.py", line 55, in inner
    response = get_response(request)
               ^^^^^^^^^^^^^^^^^^^^^
  File "/Users/zaharromasov/Desktop/TRPO-ZES/backend/venv/lib/python3.11/site-packages/django/core/handlers/base.py", line 197, in _get_response
    response = wrapped_callback(request, *callback_args, **callback_kwargs)
               ^^^^^^^^^^^^^^^^^^^^^^^^^^^^^^^^^^^^^^^^^^^^^^^^^^^^^^^^^^^^
  File "/Users/zaharromasov/Desktop/TRPO-ZES/backend/venv/lib/python3.11/site-packages/django/views/decorators/csrf.py", line 65, in _view_wrapper
    return view_func(request, *args, **kwargs)
           ^^^^^^^^^^^^^^^^^^^^^^^^^^^^^^^^^^^
  File "/Users/zaharromasov/Desktop/TRPO-ZES/backend/venv/lib/python3.11/site-packages/django/views/generic/base.py", line 104, in view
    return self.dispatch(request, *args, **kwargs)
           ^^^^^^^^^^^^^^^^^^^^^^^^^^^^^^^^^^^^^^^
  File "/Users/zaharromasov/Desktop/TRPO-ZES/backend/venv/lib/python3.11/site-packages/rest_framework/views.py", line 509, in dispatch
    response = self.handle_exception(exc)
               ^^^^^^^^^^^^^^^^^^^^^^^^^^
  File "/Users/zaharromasov/Desktop/TRPO-ZES/backend/venv/lib/python3.11/site-packages/rest_framework/views.py", line 469, in handle_exception
    self.raise_uncaught_exception(exc)
  File "/Users/zaharromasov/Desktop/TRPO-ZES/backend/venv/lib/python3.11/site-packages/rest_framework/views.py", line 480, in raise_uncaught_exception
    raise exc
  File "/Users/zaharromasov/Desktop/TRPO-ZES/backend/venv/lib/python3.11/site-packages/rest_framework/views.py", line 506, in dispatch
    response = handler(request, *args, **kwargs)
               ^^^^^^^^^^^^^^^^^^^^^^^^^^^^^^^^^
  File "/Users/zaharromasov/Desktop/TRPO-ZES/backend/venv/lib/python3.11/site-packages/rest_framework_simplejwt/views.py", line 44, in post
    serializer.is_valid(raise_exception=True)
  File "/Users/zaharromasov/Desktop/TRPO-ZES/backend/venv/lib/python3.11/site-packages/rest_framework/serializers.py", line 223, in is_valid
    self._validated_data = self.run_validation(self.initial_data)
                           ^^^^^^^^^^^^^^^^^^^^^^^^^^^^^^^^^^^^^^
  File "/Users/zaharromasov/Desktop/TRPO-ZES/backend/venv/lib/python3.11/site-packages/rest_framework/serializers.py", line 445, in run_validation
    value = self.validate(value)
            ^^^^^^^^^^^^^^^^^^^^
  File "/Users/zaharromasov/Desktop/TRPO-ZES/backend/venv/lib/python3.11/site-packages/rest_framework_simplejwt/serializers.py", line 116, in validate
    user := get_user_model().objects.get(
            ^^^^^^^^^^^^^^^^^^^^^^^^^^^^^
  File "/Users/zaharromasov/Desktop/TRPO-ZES/backend/venv/lib/python3.11/site-packages/django/db/models/manager.py", line 87, in manager_method
    return getattr(self.get_queryset(), name)(*args, **kwargs)
           ^^^^^^^^^^^^^^^^^^^^^^^^^^^^^^^^^^^^^^^^^^^^^^^^^^^
  File "/Users/zaharromasov/Desktop/TRPO-ZES/backend/venv/lib/python3.11/site-packages/django/db/models/query.py", line 649, in get
    raise self.model.DoesNotExist(
users.models.User.DoesNotExist: User matching query does not exist.

During handling of the above exception, another exception occurred:

Traceback (most recent call last):
  File "/Users/zaharromasov/Desktop/TRPO-ZES/backend/venv/lib/python3.11/site-packages/django/template/base.py", line 883, in _resolve_lookup
    current = current[bit]
              ~~~~~~~^^^^^
  File "/Users/zaharromasov/Desktop/TRPO-ZES/backend/venv/lib/python3.11/site-packages/django/template/context.py", line 85, in __getitem__
    raise KeyError(key)
KeyError: 'exception_notes'

During handling of the above exception, another exception occurred:

Traceback (most recent call last):
  File "/Users/zaharromasov/Desktop/TRPO-ZES/backend/venv/lib/python3.11/site-packages/django/template/base.py", line 889, in _resolve_lookup
    if isinstance(current, BaseContext) and getattr(
                                            ^^^^^^^^
AttributeError: type object 'Context' has no attribute 'exception_notes'

During handling of the above exception, another exception occurred:

Traceback (most recent call last):
  File "/Users/zaharromasov/Desktop/TRPO-ZES/backend/venv/lib/python3.11/site-packages/django/template/base.py", line 899, in _resolve_lookup
    current = current[int(bit)]
                      ^^^^^^^^
ValueError: invalid literal for int() with base 10: 'exception_notes'

During handling of the above exception, another exception occurred:

Traceback (most recent call last):
  File "/Users/zaharromasov/Desktop/TRPO-ZES/backend/venv/lib/python3.11/site-packages/django/template/base.py", line 906, in _resolve_lookup
    raise VariableDoesNotExist(
django.template.base.VariableDoesNotExist: Failed lookup for key [exception_notes] in [{'True': True, 'False': False, 'None': None}, {'is_email': False, 'unicode_hint': '', 'frames': [{'exc_cause': None, 'exc_cause_explicit': None, 'tb': <traceback object at 0x11171fd40>, 'type': 'django', 'filename': '/Users/zaharromasov/Desktop/TRPO-ZES/backend/venv/lib/python3.11/site-packages/django/core/handlers/exception.py', 'function': 'inner', 'lineno': 55, 'vars': [('request', "<WSGIRequest: POST '/api/token/refresh/'>"), ('exc', "DoesNotExist('User matching query does not exist.')"), ('get_response', '<bound method BaseHandler._get_response of <django.core.handlers.wsgi.WSGIHandler object at 0x1023a3910>>')], 'id': 4587650368, 'pre_context': ['', '        return inner', '    else:', '', '        @wraps(get_response)', '        def inner(request):', '            try:'], 'context_line': '                response = get_response(request)', 'post_context': ['            except Exception as exc:', '                response = response_for_exception(request, exc)', '            return response', '', '        return inner', ''], 'pre_context_lineno': 48, 'colno': '\n                               ^^^^^^^^^^^^^^^^^^^^^', 'tb_area_colno': '\n               ^^^^^^^^^^^^^^^^^^^^^'}, {'exc_cause': None, 'exc_cause_explicit': None, 'tb': <traceback object at 0x11171e800>, 'type': 'django', 'filename': '/Users/zaharromasov/Desktop/TRPO-ZES/backend/venv/lib/python3.11/site-packages/django/core/handlers/base.py', 'function': '_get_response', 'lineno': 197, 'vars': [('self', '<django.core.handlers.wsgi.WSGIHandler object at 0x1023a3910>'), ('request', "<WSGIRequest: POST '/api/token/refresh/'>"), ('response', 'None'), ('callback', '<function View.as_view.<locals>.view at 0x103be7420>'), ('callback_args', '()'), ('callback_kwargs', '{}'), ('middleware_method', '<bound method CsrfViewMiddleware.process_view of <CsrfViewMiddleware get_response=convert_exception_to_response.<locals>.inner>>'), ('wrapped_callback', '<function View.as_view.<locals>.view at 0x103be7420>')], 'id': 4587644928, 'pre_context': ['', '        if response is None:', '            wrapped_callback = self.make_view_atomic(callback)', '            # If it is an asynchronous view, run it in a subthread.', '            if iscoroutinefunction(wrapped_callback):', '                wrapped_callback = async_to_sync(wrapped_callback)', '            try:'], 'context_line': '                response = wrapped_callback(request, *callback_args, **callback_kwargs)', 'post_context': ['            except Exception as e:', '                response = self.process_exception_by_middleware(e, request)', '                if response is None:', '                    raise', '', '        # Complain if the view returned None (a common error).'], 'pre_context_lineno': 190, 'colno': '\n                                ^^^^^^^^^^^^^^^^^^^^^^^^^^^^^^^^^^^^^^^^^^^^^^^^^^^^^^^^^^^^', 'tb_area_colno': '\n               ^^^^^^^^^^^^^^^^^^^^^^^^^^^^^^^^^^^^^^^^^^^^^^^^^^^^^^^^^^^^'}, {'exc_cause': None, 'exc_cause_explicit': None, 'tb': <traceback object at 0x11171c380>, 'type': 'django', 'filename': '/Users/zaharromasov/Desktop/TRPO-ZES/backend/venv/lib/python3.11/site-packages/django/views/decorators/csrf.py', 'function': '_view_wrapper', 'lineno': 65, 'vars': [('request', "<WSGIRequest: POST '/api/token/refresh/'>"), ('args', '()'), ('kwargs', '{}'), ('view_func', '<function View.as_view.<locals>.view at 0x103be6f20>')], 'id': 4587635584, 'pre_context': ['', '        async def _view_wrapper(request, *args, **kwargs):', '            return await view_func(request, *args, **kwargs)', '', '    else:', '', '        def _view_wrapper(request, *args, **kwargs):'], 'context_line': '            return view_func(request, *args, **kwargs)', 'post_context': ['', '    _view_wrapper.csrf_exempt = True', '', '    return wraps(view_func)(_view_wrapper)'], 'pre_context_lineno': 58, 'colno': '\n                       ^^^^^^^^^^^^^^^^^^^^^^^^^^^^^^^^^^^', 'tb_area_colno': '\n           ^^^^^^^^^^^^^^^^^^^^^^^^^^^^^^^^^^^'}, {'exc_cause': None, 'exc_cause_explicit': None, 'tb': <traceback object at 0x111700b40>, 'type': 'django', 'filename': '/Users/zaharromasov/Desktop/TRPO-ZES/backend/venv/lib/python3.11/site-packages/django/views/generic/base.py', 'function': 'view', 'lineno': 104, 'vars': [('request', "<WSGIRequest: POST '/api/token/refresh/'>"), ('args', '()'), ('kwargs', '{}'), ('self', '<rest_framework_simplejwt.views.TokenRefreshView object at 0x111702b50>'), ('cls', "<class 'rest_framework_simplejwt.views.TokenRefreshView'>"), ('initkwargs', '{}')], 'id': 4587522880, 'pre_context': ['            self = cls(**initkwargs)', '            self.setup(request, *args, **kwargs)', '            if not hasattr(self, "request"):', '                raise AttributeError(', '                    "%s instance has no \'request\' attribute. Did you override "', '                    "setup() and forget to call super()?" % cls.__name__', '                )'], 'context_line': '            return self.dispatch(request, *args, **kwargs)', 'post_context': ['', '        view.view_class = cls', '        view.view_initkwargs = initkwargs', '', '        # __name__ and __qualname__ are intentionally left unchanged as', '        # view_class should be used to robustly determine the name of the view'], 'pre_context_lineno': 97, 'colno': '\n                        ^^^^^^^^^^^^^^^^^^^^^^^^^^^^^^^^^^^^^^^', 'tb_area_colno': '\n           ^^^^^^^^^^^^^^^^^^^^^^^^^^^^^^^^^^^^^^^'}, {'exc_cause': None, 'exc_cause_explicit': None, 'tb': <traceback object at 0x11171cec0>, 'type': 'user', 'filename': '/Users/zaharromasov/Desktop/TRPO-ZES/backend/venv/lib/python3.11/site-packages/rest_framework/views.py', 'function': 'dispatch', 'lineno': 509, 'vars': [('self', '<rest_framework_simplejwt.views.TokenRefreshView object at 0x111702b50>'), ('request', "<rest_framework.request.Request: POST '/api/token/refresh/'>"), ('args', '()'), ('kwargs', '{}'), ('handler', '<bound method TokenViewBase.post of <rest_framework_simplejwt.views.TokenRefreshView object at 0x111702b50>>')], 'id': 4587638464, 'pre_context': ['                                  self.http_method_not_allowed)', '            else:', '                handler = self.http_method_not_allowed', '', '            response = handler(request, *args, **kwargs)', '', '        except Exception as exc:'], 'context_line': '            response = self.handle_exception(exc)', 'post_context': ['', '        self.response = self.finalize_response(request, response, *args, **kwargs)', '        return self.response', '', '    def options(self, request, *args, **kwargs):', '        """'], 'pre_context_lineno': 502, 'colno': '\n                            ^^^^^^^^^^^^^^^^^^^^^^^^^^', 'tb_area_colno': '\n               ^^^^^^^^^^^^^^^^^^^^^^^^^^'}, {'exc_cause': None, 'exc_cause_explicit': None, 'tb': <traceback object at 0x11171f140>, 'type': 'user', 'filename': '/Users/zaharromasov/Desktop/TRPO-ZES/backend/venv/lib/python3.11/site-packages/rest_framework/views.py', 'function': 'handle_exception', 'lineno': 469, 'vars': [('self', '<rest_framework_simplejwt.views.TokenRefreshView object at 0x111702b50>'), ('exc', "DoesNotExist('User matching query does not exist.')"), ('exception_handler', '<function exception_handler at 0x103b99f80>'), ('context', "{'args': (),\n 'kwargs': {},\n 'request': <rest_framework.request.Request: POST '/api/token/refresh/'>,\n 'view': <rest_framework_simplejwt.views.TokenRefreshView object at 0x111702b50>}"), ('response', 'None')], 'id': 4587647296, 'pre_context': ['', '        exception_handler = self.get_exception_handler()', '', '        context = self.get_exception_handler_context()', '        response = exception_handler(exc, context)', '', '        if response is None:'], 'context_line': '            self.raise_uncaught_exception(exc)', 'post_context': ['', '        response.exception = True', '        return response', '', '    def raise_uncaught_exception(self, exc):', '        if settings.DEBUG:'], 'pre_context_lineno': 462, 'colno': '\n                 ^^^^^^^^^^^^^^^^^^^^^^^^^^^^^^^^^^', 'tb_area_colno': '\n    ^^^^^^^^^^^^^^^^^^^^^^^^^^^^^^^^^^'}, {'exc_cause': None, 'exc_cause_explicit': None, 'tb': <traceback object at 0x11171eac0>, 'type': 'user', 'filename': '/Users/zaharromasov/Desktop/TRPO-ZES/backend/venv/lib/python3.11/site-packages/rest_framework/views.py', 'function': 'raise_uncaught_exception', 'lineno': 480, 'vars': [('self', '<rest_framework_simplejwt.views.TokenRefreshView object at 0x111702b50>'), ('exc', "DoesNotExist('User matching query does not exist.')"), ('request', "<rest_framework.request.Request: POST '/api/token/refresh/'>"), ('renderer_format', "'json'"), ('use_plaintext_traceback', 'True')], 'id': 4587645632, 'pre_context': ['', '    def raise_uncaught_exception(self, exc):', '        if settings.DEBUG:', '            request = self.request', "            renderer_format = getattr(request.accepted_renderer, 'format')", "            use_plaintext_traceback = renderer_format not in ('html', 'api', 'admin')", '            request.force_plaintext_errors(use_plaintext_traceback)'], 'context_line': '        raise exc', 'post_context': ['', '    # Note: Views are made CSRF exempt from within `as_view` as to prevent', '    # accidental removal of this exemption in cases where `dispatch` needs to', '    # be overridden.', '    def dispatch(self, request, *args, **kwargs):', '        """'], 'pre_context_lineno': 473, 'colno': '\n             ^^^^^^^^^', 'tb_area_colno': '\n    ^^^^^^^^^'}, {'exc_cause': None, 'exc_cause_explicit': None, 'tb': <traceback object at 0x11171d600>, 'type': 'user', 'filename': '/Users/zaharromasov/Desktop/TRPO-ZES/backend/venv/lib/python3.11/site-packages/rest_framework/views.py', 'function': 'dispatch', 'lineno': 506, 'vars': [('self', '<rest_framework_simplejwt.views.TokenRefreshView object at 0x111702b50>'), ('request', "<rest_framework.request.Request: POST '/api/token/refresh/'>"), ('args', '()'), ('kwargs', '{}'), ('handler', '<bound method TokenViewBase.post of <rest_framework_simplejwt.views.TokenRefreshView object at 0x111702b50>>')], 'id': 4587640320, 'pre_context': ['            # Get the appropriate handler method', '            if request.method.lower() in self.http_method_names:', '                handler = getattr(self, request.method.lower(),', '                                  self.http_method_not_allowed)', '            else:', '                handler = self.http_method_not_allowed', ''], 'context_line': '            response = handler(request, *args, **kwargs)', 'post_context': ['', '        except Exception as exc:', '            response = self.handle_exception(exc)', '', '        self.response = self.finalize_response(request, response, *args, **kwargs)', '        return self.response'], 'pre_context_lineno': 499, 'colno': '\n                            ^^^^^^^^^^^^^^^^^^^^^^^^^^^^^^^^^', 'tb_area_colno': '\n               ^^^^^^^^^^^^^^^^^^^^^^^^^^^^^^^^^'}, {'exc_cause': None, 'exc_cause_explicit': None, 'tb': <traceback object at 0x11171e5c0>, 'type': 'user', 'filename': '/Users/zaharromasov/Desktop/TRPO-ZES/backend/venv/lib/python3.11/site-packages/rest_framework_simplejwt/views.py', 'function': 'post', 'lineno': 44, 'vars': [('self', '<rest_framework_simplejwt.views.TokenRefreshView object at 0x111702b50>'), ('request', "<rest_framework.request.Request: POST '/api/token/refresh/'>"), ('args', '()'), ('kwargs', '{}'), ('serializer', "TokenRefreshSerializer(context={'request': <rest_framework.request.Request: POST '/api/token/refresh/'>, 'format': None, 'view': <rest_framework_simplejwt.views.TokenRefreshView object>}, data={'refresh': 'eyJhbGciOiJIUzI1NiIsInR5cCI6IkpXVCJ9.eyJ0b2tlbl90eXBlIjoicmVmcmVzaCIsImV4cCI6MTc0NDE4Njg5MCwiaWF0IjoxNzQ0MTAwNDkwLCJqdGkiOiJmMGY0NWUxM2EwZDc0NWE0Yjc5NTUxMzU4NDQ2Y2NjNSIsInVzZXJfaWQiOjQ1fQ.bj1A736dSUitUWhQ7L6VJeYXDqAKhHBqnmT6yp7Im3g'}):\n    refresh = CharField()\n    access = CharField(read_only=True)")], 'id': 4587644352, 'pre_context': ['            self.www_authenticate_realm,', '        )', '', '    def post(self, request: Request, *args, **kwargs) -> Response:', '        serializer = self.get_serializer(data=request.data)', '', '        try:'], 'context_line': '            serializer.is_valid(raise_exception=True)', 'post_context': ['        except TokenError as e:', '            raise InvalidToken(e.args[0])', '', '        return Response(serializer.validated_data, status=status.HTTP_200_OK)', '', ''], 'pre_context_lineno': 37, 'colno': '\n                ^^^^^^^^^^^^^^^^^^^^^^^^^^^^^^^^^^^^^^^^^', 'tb_area_colno': '\n    ^^^^^^^^^^^^^^^^^^^^^^^^^^^^^^^^^^^^^^^^^'}, {'exc_cause': None, 'exc_cause_explicit': None, 'tb': <traceback object at 0x11171f5c0>, 'type': 'user', 'filename': '/Users/zaharromasov/Desktop/TRPO-ZES/backend/venv/lib/python3.11/site-packages/rest_framework/serializers.py', 'function': 'is_valid', 'lineno': 223, 'vars': [('self', "TokenRefreshSerializer(context={'request': <rest_framework.request.Request: POST '/api/token/refresh/'>, 'format': None, 'view': <rest_framework_simplejwt.views.TokenRefreshView object>}, data={'refresh': 'eyJhbGciOiJIUzI1NiIsInR5cCI6IkpXVCJ9.eyJ0b2tlbl90eXBlIjoicmVmcmVzaCIsImV4cCI6MTc0NDE4Njg5MCwiaWF0IjoxNzQ0MTAwNDkwLCJqdGkiOiJmMGY0NWUxM2EwZDc0NWE0Yjc5NTUxMzU4NDQ2Y2NjNSIsInVzZXJfaWQiOjQ1fQ.bj1A736dSUitUWhQ7L6VJeYXDqAKhHBqnmT6yp7Im3g'}):\n    refresh = CharField()\n    access = CharField(read_only=True)"), ('raise_exception', 'True')], 'id': 4587648448, 'pre_context': ["        assert hasattr(self, 'initial_data'), (", "            'Cannot call `.is_valid()` as no `data=` keyword argument was '", "            'passed when instantiating the serializer instance.'", '        )', '', "        if not hasattr(self, '_validated_data'):", '            try:'], 'context_line': '                self._validated_data = self.run_validation(self.initial_data)', 'post_context': ['            except ValidationError as exc:', '                self._validated_data = {}', '                self._errors = exc.detail', '            else:', '                self._errors = {}', ''], 'pre_context_lineno': 216, 'colno': '\n                                            ^^^^^^^^^^^^^^^^^^^^^^^^^^^^^^^^^^^^^^', 'tb_area_colno': '\n                           ^^^^^^^^^^^^^^^^^^^^^^^^^^^^^^^^^^^^^^'}, {'exc_cause': None, 'exc_cause_explicit': None, 'tb': <traceback object at 0x11171c040>, 'type': 'user', 'filename': '/Users/zaharromasov/Desktop/TRPO-ZES/backend/venv/lib/python3.11/site-packages/rest_framework/serializers.py', 'function': 'run_validation', 'lineno': 445, 'vars': [('self', "TokenRefreshSerializer(context={'request': <rest_framework.request.Request: POST '/api/token/refresh/'>, 'format': None, 'view': <rest_framework_simplejwt.views.TokenRefreshView object>}, data={'refresh': 'eyJhbGciOiJIUzI1NiIsInR5cCI6IkpXVCJ9.eyJ0b2tlbl90eXBlIjoicmVmcmVzaCIsImV4cCI6MTc0NDE4Njg5MCwiaWF0IjoxNzQ0MTAwNDkwLCJqdGkiOiJmMGY0NWUxM2EwZDc0NWE0Yjc5NTUxMzU4NDQ2Y2NjNSIsInVzZXJfaWQiOjQ1fQ.bj1A736dSUitUWhQ7L6VJeYXDqAKhHBqnmT6yp7Im3g'}):\n    refresh = CharField()\n    access = CharField(read_only=True)"), ('data', "{'refresh': 'eyJhbGciOiJIUzI1NiIsInR5cCI6IkpXVCJ9.eyJ0b2tlbl90eXBlIjoicmVmcmVzaCIsImV4cCI6MTc0NDE4Njg5MCwiaWF0IjoxNzQ0MTAwNDkwLCJqdGkiOiJmMGY0NWUxM2EwZDc0NWE0Yjc5NTUxMzU4NDQ2Y2NjNSIsInVzZXJfaWQiOjQ1fQ.bj1A736dSUitUWhQ7L6VJeYXDqAKhHBqnmT6yp7Im3g'}"), ('is_empty_value', 'False'), ('value', "{'refresh': 'eyJhbGciOiJIUzI1NiIsInR5cCI6IkpXVCJ9.eyJ0b2tlbl90eXBlIjoicmVmcmVzaCIsImV4cCI6MTc0NDE4Njg5MCwiaWF0IjoxNzQ0MTAwNDkwLCJqdGkiOiJmMGY0NWUxM2EwZDc0NWE0Yjc5NTUxMzU4NDQ2Y2NjNSIsInVzZXJfaWQiOjQ1fQ.bj1A736dSUitUWhQ7L6VJeYXDqAKhHBqnmT6yp7Im3g'}")], 'id': 4587634752, 'pre_context': ['        (is_empty_value, data) = self.validate_empty_values(data)', '        if is_empty_value:', '            return data', '', '        value = self.to_internal_value(data)', '        try:', '            self.run_validators(value)'], 'context_line': '            value = self.validate(value)', 'post_context': ["            assert value is not None, '.validate() should return the validated data'", '        except (ValidationError, DjangoValidationError) as exc:', '            raise ValidationError(detail=as_serializer_error(exc))', '', '        return value', ''], 'pre_context_lineno': 438, 'colno': '\n                         ^^^^^^^^^^^^^^^^^^^^', 'tb_area_colno': '\n            ^^^^^^^^^^^^^^^^^^^^'}, {'exc_cause': None, 'exc_cause_explicit': None, 'tb': <traceback object at 0x11171f8c0>, 'type': 'user', 'filename': '/Users/zaharromasov/Desktop/TRPO-ZES/backend/venv/lib/python3.11/site-packages/rest_framework_simplejwt/serializers.py', 'function': 'validate', 'lineno': 116, 'vars': [('self', "TokenRefreshSerializer(context={'request': <rest_framework.request.Request: POST '/api/token/refresh/'>, 'format': None, 'view': <rest_framework_simplejwt.views.TokenRefreshView object>}, data={'refresh': 'eyJhbGciOiJIUzI1NiIsInR5cCI6IkpXVCJ9.eyJ0b2tlbl90eXBlIjoicmVmcmVzaCIsImV4cCI6MTc0NDE4Njg5MCwiaWF0IjoxNzQ0MTAwNDkwLCJqdGkiOiJmMGY0NWUxM2EwZDc0NWE0Yjc5NTUxMzU4NDQ2Y2NjNSIsInVzZXJfaWQiOjQ1fQ.bj1A736dSUitUWhQ7L6VJeYXDqAKhHBqnmT6yp7Im3g'}):\n    refresh = CharField()\n    access = CharField(read_only=True)"), ('attrs', "{'refresh': 'eyJhbGciOiJIUzI1NiIsInR5cCI6IkpXVCJ9.eyJ0b2tlbl90eXBlIjoicmVmcmVzaCIsImV4cCI6MTc0NDE4Njg5MCwiaWF0IjoxNzQ0MTAwNDkwLCJqdGkiOiJmMGY0NWUxM2EwZDc0NWE0Yjc5NTUxMzU4NDQ2Y2NjNSIsInVzZXJfaWQiOjQ1fQ.bj1A736dSUitUWhQ7L6VJeYXDqAKhHBqnmT6yp7Im3g'}"), ('refresh', "{'token_type': 'refresh', 'exp': 1744186890, 'iat': 1744100490, 'jti': 'f0f45e13a0d745a4b79551358446ccc5', 'user_id': 45}"), ('user_id', '45')], 'id': 4587649216, 'pre_context': ['    }', '', '    def validate(self, attrs: dict[str, Any]) -> dict[str, str]:', '        refresh = self.token_class(attrs["refresh"])', '', '        user_id = refresh.payload.get(api_settings.USER_ID_CLAIM, None)', '        if user_id and ('], 'context_line': '            user := get_user_model().objects.get(', 'post_context': ['                **{api_settings.USER_ID_FIELD: user_id}', '            )', '        ):', '            if not api_settings.USER_AUTHENTICATION_RULE(user):', '                raise AuthenticationFailed(', '                    self.error_messages["no_active_account"],'], 'pre_context_lineno': 109, 'colno': '\n                         ', 'tb_area_colno': '\n            '}, {'exc_cause': None, 'exc_cause_explicit': None, 'tb': <traceback object at 0x11171cb40>, 'type': 'django', 'filename': '/Users/zaharromasov/Desktop/TRPO-ZES/backend/venv/lib/python3.11/site-packages/django/db/models/manager.py', 'function': 'manager_method', 'lineno': 87, 'vars': [('self', '<django.contrib.auth.models.UserManager object at 0x102c07350>'), ('args', '()'), ('kwargs', "{'id': 45}"), ('name', "'get'")], 'id': 4587637568, 'pre_context': ['        return []', '', '    @classmethod', '    def _get_queryset_methods(cls, queryset_class):', '        def create_method(name, method):', '            @wraps(method)', '            def manager_method(self, *args, **kwargs):'], 'context_line': '                return getattr(self.get_queryset(), name)(*args, **kwargs)', 'post_context': ['', '            return manager_method', '', '        new_methods = {}', '        for name, method in inspect.getmembers(', '            queryset_class, predicate=inspect.isfunction'], 'pre_context_lineno': 80, 'colno': '\n                           ^^^^^^^^^^^^^^^^^^^^^^^^^^^^^^^^^^^^^^^^^^^^^^^^^^^', 'tb_area_colno': '\n           ^^^^^^^^^^^^^^^^^^^^^^^^^^^^^^^^^^^^^^^^^^^^^^^^^^^'}, {'exc_cause': None, 'exc_cause_explicit': None, 'tb': <traceback object at 0x1116f0dc0>, 'type': 'django', 'filename': '/Users/zaharromasov/Desktop/TRPO-ZES/backend/venv/lib/python3.11/site-packages/django/db/models/query.py', 'function': 'get', 'lineno': 649, 'vars': [('self', '<QuerySet [<User: user@user.ru>, <User: anton@mail.ru>, <User: zakhar@mail.ru>]>'), ('args', '()'), ('kwargs', "{'id': 45}"), ('clone', '<QuerySet []>'), ('limit', '21'), ('num', '0')], 'id': 4587457984, 'pre_context': ['        ):', '            limit = MAX_GET_RESULTS', '            clone.query.set_limits(high=limit)', '        num = len(clone)', '        if num == 1:', '            return clone._result_cache[0]', '        if not num:'], 'context_line': '            raise self.model.DoesNotExist(', 'post_context': ['                "%s matching query does not exist." % self.model._meta.object_name', '            )', '        raise self.model.MultipleObjectsReturned(', '            "get() returned more than one %s -- it returned %s!"', '            % (', '                self.model._meta.object_name,'], 'pre_context_lineno': 642, 'colno': '\n                 ^', 'tb_area_colno': '\n    ^'}], 'request': <WSGIRequest: POST '/api/token/refresh/'>, 'request_meta': {'MallocNanoZone': '0', 'USER': 'zaharromasov', 'COMMAND_MODE': 'unix2003', '__CFBundleIdentifier': 'com.todesktop.230313mzl4w4u92', 'PATH': '/Users/zaharromasov/Desktop/TRPO-ZES/backend/venv/bin:/Users/zaharromasov/.nvm/versions/node/v22.14.0/bin:/opt/homebrew/bin:/opt/homebrew/sbin:/Library/Frameworks/Python.framework/Versions/3.9/bin:/usr/local/bin:/System/Cryptexes/App/usr/bin:/usr/bin:/bin:/usr/sbin:/sbin:/var/run/com.apple.security.cryptexd/codex.system/bootstrap/usr/local/bin:/var/run/com.apple.security.cryptexd/codex.system/bootstrap/usr/bin:/var/run/com.apple.security.cryptexd/codex.system/bootstrap/usr/appleinternal/bin:/Library/Apple/usr/bin:/usr/local/share/dotnet:~/.dotnet/tools:/Users/zaharromasov/.nvm/versions/node/v22.14.0/bin:/Users/zaharromasov/anaconda3/bin:/Users/zaharromasov/anaconda3/condabin', 'LOGNAME': 'zaharromasov', 'SSH_AUTH_SOCK': '/private/tmp/com.apple.launchd.HGJvUZXIHJ/Listeners', 'HOME': '/Users/zaharromasov', 'SHELL': '/bin/zsh', 'TMPDIR': '/var/folders/vf/hgk3wy0176xc_tlwpr6w207h0000gn/T/', '__CF_USER_TEXT_ENCODING': '0x1F5:0x7:0x31', 'XPC_SERVICE_NAME': '0', 'DEVECOSTUDIO_VM_OPTIONS': '/Users/zaharromasov/jetbra/vmoptions/devecostudio.vmoptions', 'STUDIO_VM_OPTIONS': '/Users/zaharromasov/jetbra/vmoptions/studio.vmoptions', 'JETBRAINSCLIENT_VM_OPTIONS': '/Users/zaharromasov/jetbra/vmoptions/jetbrainsclient.vmoptions', 'JETBRAINS_CLIENT_VM_OPTIONS': '/Users/zaharromasov/jetbra/vmoptions/jetbrains_client.vmoptions', 'GATEWAY_VM_OPTIONS': '/Users/zaharromasov/jetbra/vmoptions/gateway.vmoptions', 'DATASPELL_VM_OPTIONS': '/Users/zaharromasov/jetbra/vmoptions/dataspell.vmoptions', 'APPCODE_VM_OPTIONS': '/Users/zaharromasov/jetbra/vmoptions/appcode.vmoptions', 'RUBYMINE_VM_OPTIONS': '/Users/zaharromasov/jetbra/vmoptions/rubymine.vmoptions', 'DATAGRIP_VM_OPTIONS': '/Users/zaharromasov/jetbra/vmoptions/datagrip.vmoptions', 'RIDER_VM_OPTIONS': '/Users/zaharromasov/jetbra/vmoptions/rider.vmoptions', 'WEBIDE_VM_OPTIONS': '/Users/zaharromasov/jetbra/vmoptions/webide.vmoptions', 'WEBSTORM_VM_OPTIONS': '/Users/zaharromasov/jetbra/vmoptions/webstorm.vmoptions', 'PYCHARM_VM_OPTIONS': '/Users/zaharromasov/jetbra/vmoptions/pycharm.vmoptions', 'GOLAND_VM_OPTIONS': '/Users/zaharromasov/jetbra/vmoptions/goland.vmoptions', 'PHPSTORM_VM_OPTIONS': '/Users/zaharromasov/jetbra/vmoptions/phpstorm.vmoptions', 'CLION_VM_OPTIONS': '/Users/zaharromasov/jetbra/vmoptions/clion.vmoptions', 'IDEA_VM_OPTIONS': '/Users/zaharromasov/jetbra/vmoptions/idea.vmoptions', 'XPC_FLAGS': '0x0', 'ORIGINAL_XDG_CURRENT_DESKTOP': 'undefined', 'CURSOR_TRACE_ID': '440bde5202d049e5b7ab8539298585da', 'SHLVL': '1', 'PWD': '/Users/zaharromasov/Desktop/TRPO-ZES/backend', 'OLDPWD': '/Users/zaharromasov/Desktop/TRPO-ZES', 'HOMEBREW_PREFIX': '/opt/homebrew', 'HOMEBREW_CELLAR': '/opt/homebrew/Cellar', 'HOMEBREW_REPOSITORY': '/opt/homebrew', 'INFOPATH': '/opt/homebrew/share/info:/opt/homebrew/share/info:', 'CONDA_EXE': '/Users/zaharromasov/anaconda3/bin/conda', '_CE_M': '', '_CE_CONDA': '', 'CONDA_PYTHON_EXE': '/Users/zaharromasov/anaconda3/bin/python', 'CONDA_SHLVL': '1', 'CONDA_PREFIX': '/Users/zaharromasov/anaconda3', 'CONDA_DEFAULT_ENV': 'base', 'CONDA_PROMPT_MODIFIER': '(base) ', 'NVM_DIR': '/Users/zaharromasov/.nvm', 'NVM_CD_FLAGS': '-q', 'NVM_BIN': '/Users/zaharromasov/.nvm/versions/node/v22.14.0/bin', 'NVM_INC': '/Users/zaharromasov/.nvm/versions/node/v22.14.0/include/node', 'TERM_PROGRAM': 'vscode', 'TERM_PROGRAM_VERSION': '0.48.7', 'LANG': 'en_US.UTF-8', 'COLORTERM': 'truecolor', 'GIT_ASKPASS': '********************', 'VSCODE_GIT_ASKPASS_NODE': '********************', 'VSCODE_GIT_ASKPASS_EXTRA_ARGS': '********************', 'VSCODE_GIT_ASKPASS_MAIN': '********************', 'VSCODE_GIT_IPC_HANDLE': '/var/folders/vf/hgk3wy0176xc_tlwpr6w207h0000gn/T/vscode-git-2d592c28f8.sock', 'VSCODE_INJECTION': '1', 'ZDOTDIR': '/Users/zaharromasov', 'USER_ZDOTDIR': '/Users/zaharromasov', 'TERM': 'xterm-256color', 'VIRTUAL_ENV': '/Users/zaharromasov/Desktop/TRPO-ZES/backend/venv', 'PS1': '(venv) (base) %n@%m %1~ %# ', 'VIRTUAL_ENV_PROMPT': '(venv) ', '_': '/Users/zaharromasov/Desktop/TRPO-ZES/backend/venv/bin/python', 'DJANGO_SETTINGS_MODULE': 'core.settings', 'TZ': 'UTC', 'RUN_MAIN': 'true', 'SERVER_NAME': '1.0.0.127.in-addr.arpa', 'GATEWAY_INTERFACE': 'CGI/1.1', 'SERVER_PORT': '8000', 'REMOTE_HOST': '', 'CONTENT_LENGTH': '245', 'SCRIPT_NAME': '', 'SERVER_PROTOCOL': 'HTTP/1.1', 'SERVER_SOFTWARE': 'WSGIServer/0.2', 'REQUEST_METHOD': 'POST', 'PATH_INFO': '/api/token/refresh/', 'QUERY_STRING': '', 'REMOTE_ADDR': '127.0.0.1', 'CONTENT_TYPE': 'application/json', 'HTTP_HOST': 'localhost:8000', 'HTTP_CONNECTION': 'keep-alive', 'HTTP_SEC_CH_UA_PLATFORM': '"macOS"', 'HTTP_USER_AGENT': 'Mozilla/5.0 (Macintosh; Intel Mac OS X 10_15_7) AppleWebKit/537.36 (KHTML, like Gecko) Chrome/134.0.0.0 Safari/537.36', 'HTTP_ACCEPT': 'application/json, text/plain, */*', 'HTTP_SEC_CH_UA': '"Chromium";v="134", "Not:A-Brand";v="24", "Google Chrome";v="134"', 'HTTP_SEC_CH_UA_MOBILE': '?0', 'HTTP_ORIGIN': 'http://localhost:3000', 'HTTP_SEC_FETCH_SITE': 'same-site', 'HTTP_SEC_FETCH_MODE': 'cors', 'HTTP_SEC_FETCH_DEST': 'empty', 'HTTP_REFERER': 'http://localhost:3000/', 'HTTP_ACCEPT_ENCODING': 'gzip, deflate, br, zstd', 'HTTP_ACCEPT_LANGUAGE': 'ru-RU,ru;q=0.9,en-US;q=0.8,en;q=0.7', 'wsgi.input': <django.core.handlers.wsgi.LimitedStream object at 0x103dca410>, 'wsgi.errors': <_io.TextIOWrapper name='<stderr>' mode='w' encoding='utf-8'>, 'wsgi.version': (1, 0), 'wsgi.run_once': False, 'wsgi.url_scheme': 'http', 'wsgi.multithread': True, 'wsgi.multiprocess': False, 'wsgi.file_wrapper': <class 'wsgiref.util.FileWrapper'>}, 'request_COOKIES_items': dict_items([]), 'user_str': 'AnonymousUser', 'filtered_POST_items': [], 'settings': {'ABSOLUTE_URL_OVERRIDES': {}, 'ADMINS': [], 'ALLOWED_HOSTS': [], 'APPEND_SLASH': True, 'ASGI_APPLICATION': 'core.asgi.application', 'AUTHENTICATION_BACKENDS': ['django.contrib.auth.backends.ModelBackend'], 'AUTH_PASSWORD_VALIDATORS': '********************', 'AUTH_USER_MODEL': 'users.User', 'BASE_DIR': PosixPath('/Users/zaharromasov/Desktop/TRPO-ZES/backend'), 'CACHES': {'default': {'BACKEND': 'django.core.cache.backends.locmem.LocMemCache'}}, 'CACHE_MIDDLEWARE_ALIAS': 'default', 'CACHE_MIDDLEWARE_KEY_PREFIX': '********************', 'CACHE_MIDDLEWARE_SECONDS': 600, 'CHANNEL_LAYERS': {'default': {'BACKEND': 'channels.layers.InMemoryChannelLayer'}}, 'CORS_ALLOW_ALL_ORIGINS': True, 'CORS_ALLOW_CREDENTIALS': True, 'CORS_ALLOW_HEADERS': ['*'], 'CORS_ALLOW_METHODS': ['*'], 'CSRF_COOKIE_AGE': 31449600, 'CSRF_COOKIE_DOMAIN': None, 'CSRF_COOKIE_HTTPONLY': False, 'CSRF_COOKIE_NAME': 'csrftoken', 'CSRF_COOKIE_PATH': '/', 'CSRF_COOKIE_SAMESITE': 'Lax', 'CSRF_COOKIE_SECURE': False, 'CSRF_FAILURE_VIEW': 'django.views.csrf.csrf_failure', 'CSRF_HEADER_NAME': 'HTTP_X_CSRFTOKEN', 'CSRF_TRUSTED_ORIGINS': [], 'CSRF_USE_SESSIONS': False, 'DATABASES': {'default': {'ENGINE': 'django.db.backends.postgresql', 'NAME': 'notion_things_db', 'USER': 'postgres', 'PASSWORD': '********************', 'HOST': 'localhost', 'PORT': '5432', 'ATOMIC_REQUESTS': False, 'AUTOCOMMIT': True, 'CONN_MAX_AGE': 0, 'CONN_HEALTH_CHECKS': False, 'OPTIONS': {}, 'TIME_ZONE': None, 'TEST': {'CHARSET': None, 'COLLATION': None, 'MIGRATE': True, 'MIRROR': None, 'NAME': None}}}, 'DATABASE_ROUTERS': [], 'DATA_UPLOAD_MAX_MEMORY_SIZE': 2621440, 'DATA_UPLOAD_MAX_NUMBER_FIELDS': 1000, 'DATA_UPLOAD_MAX_NUMBER_FILES': 100, 'DATETIME_FORMAT': 'N j, Y, P', 'DATETIME_INPUT_FORMATS': ['%Y-%m-%d %H:%M:%S', '%Y-%m-%d %H:%M:%S.%f', '%Y-%m-%d %H:%M', '%m/%d/%Y %H:%M:%S', '%m/%d/%Y %H:%M:%S.%f', '%m/%d/%Y %H:%M', '%m/%d/%y %H:%M:%S', '%m/%d/%y %H:%M:%S.%f', '%m/%d/%y %H:%M'], 'DATE_FORMAT': 'N j, Y', 'DATE_INPUT_FORMATS': ['%Y-%m-%d', '%m/%d/%Y', '%m/%d/%y', '%b %d %Y', '%b %d, %Y', '%d %b %Y', '%d %b, %Y', '%B %d %Y', '%B %d, %Y', '%d %B %Y', '%d %B, %Y'], 'DEBUG': True, 'DEBUG_PROPAGATE_EXCEPTIONS': False, 'DECIMAL_SEPARATOR': '.', 'DEFAULT_AUTO_FIELD': 'django.db.models.BigAutoField', 'DEFAULT_CHARSET': 'utf-8', 'DEFAULT_EXCEPTION_REPORTER': 'django.views.debug.ExceptionReporter', 'DEFAULT_EXCEPTION_REPORTER_FILTER': 'django.views.debug.SafeExceptionReporterFilter', 'DEFAULT_FROM_EMAIL': 'zakharomashov@yandex.ru', 'DEFAULT_INDEX_TABLESPACE': '', 'DEFAULT_TABLESPACE': '', 'DISALLOWED_USER_AGENTS': [], 'EMAIL_BACKEND': 'django.core.mail.backends.smtp.EmailBackend', 'EMAIL_HOST': 'smtp.yandex.ru', 'EMAIL_HOST_PASSWORD': '********************', 'EMAIL_HOST_USER': 'zakharomashov@yandex.ru', 'EMAIL_PORT': 465, 'EMAIL_SSL_CERTFILE': None, 'EMAIL_SSL_KEYFILE': '********************', 'EMAIL_SUBJECT_PREFIX': '[Django] ', 'EMAIL_TIMEOUT': None, 'EMAIL_USE_LOCALTIME': False, 'EMAIL_USE_SSL': True, 'EMAIL_USE_TLS': False, 'FILE_UPLOAD_DIRECTORY_PERMISSIONS': None, 'FILE_UPLOAD_HANDLERS': ['django.core.files.uploadhandler.MemoryFileUploadHandler', 'django.core.files.uploadhandler.TemporaryFileUploadHandler'], 'FILE_UPLOAD_MAX_MEMORY_SIZE': 2621440, 'FILE_UPLOAD_PERMISSIONS': 420, 'FILE_UPLOAD_TEMP_DIR': None, 'FIRST_DAY_OF_WEEK': 0, 'FIXTURE_DIRS': [], 'FORCE_SCRIPT_NAME': None, 'FORMAT_MODULE_PATH': None, 'FORMS_URLFIELD_ASSUME_HTTPS': False, 'FORM_RENDERER': 'django.forms.renderers.DjangoTemplates', 'FRONTEND_URL': 'http://localhost:3000', 'IGNORABLE_404_URLS': [], 'INSTALLED_APPS': ['django.contrib.admin', 'django.contrib.auth', 'django.contrib.contenttypes', 'django.contrib.sessions', 'django.contrib.messages', 'django.contrib.staticfiles', 'rest_framework', 'corsheaders', 'channels', 'mptt', 'api', 'documents', 'tasks', 'users'], 'INTERNAL_IPS': [], 'LANGUAGES': [('af', 'Afrikaans'), ('ar', 'Arabic'), ('ar-dz', 'Algerian Arabic'), ('ast', 'Asturian'), ('az', 'Azerbaijani'), ('bg', 'Bulgarian'), ('be', 'Belarusian'), ('bn', 'Bengali'), ('br', 'Breton'), ('bs', 'Bosnian'), ('ca', 'Catalan'), ('ckb', 'Central Kurdish (Sorani)'), ('cs', 'Czech'), ('cy', 'Welsh'), ('da', 'Danish'), ('de', 'German'), ('dsb', 'Lower Sorbian'), ('el', 'Greek'), ('en', 'English'), ('en-au', 'Australian English'), ('en-gb', 'British English'), ('eo', 'Esperanto'), ('es', 'Spanish'), ('es-ar', 'Argentinian Spanish'), ('es-co', 'Colombian Spanish'), ('es-mx', 'Mexican Spanish'), ('es-ni', 'Nicaraguan Spanish'), ('es-ve', 'Venezuelan Spanish'), ('et', 'Estonian'), ('eu', 'Basque'), ('fa', 'Persian'), ('fi', 'Finnish'), ('fr', 'French'), ('fy', 'Frisian'), ('ga', 'Irish'), ('gd', 'Scottish Gaelic'), ('gl', 'Galician'), ('he', 'Hebrew'), ('hi', 'Hindi'), ('hr', 'Croatian'), ('hsb', 'Upper Sorbian'), ('hu', 'Hungarian'), ('hy', 'Armenian'), ('ia', 'Interlingua'), ('id', 'Indonesian'), ('ig', 'Igbo'), ('io', 'Ido'), ('is', 'Icelandic'), ('it', 'Italian'), ('ja', 'Japanese'), ('ka', 'Georgian'), ('kab', 'Kabyle'), ('kk', 'Kazakh'), ('km', 'Khmer'), ('kn', 'Kannada'), ('ko', 'Korean'), ('ky', 'Kyrgyz'), ('lb', 'Luxembourgish'), ('lt', 'Lithuanian'), ('lv', 'Latvian'), ('mk', 'Macedonian'), ('ml', 'Malayalam'), ('mn', 'Mongolian'), ('mr', 'Marathi'), ('ms', 'Malay'), ('my', 'Burmese'), ('nb', 'Norwegian Bokmål'), ('ne', 'Nepali'), ('nl', 'Dutch'), ('nn', 'Norwegian Nynorsk'), ('os', 'Ossetic'), ('pa', 'Punjabi'), ('pl', 'Polish'), ('pt', 'Portuguese'), ('pt-br', 'Brazilian Portuguese'), ('ro', 'Romanian'), ('ru', 'Russian'), ('sk', 'Slovak'), ('sl', 'Slovenian'), ('sq', 'Albanian'), ('sr', 'Serbian'), ('sr-latn', 'Serbian Latin'), ('sv', 'Swedish'), ('sw', 'Swahili'), ('ta', 'Tamil'), ('te', 'Telugu'), ('tg', 'Tajik'), ('th', 'Thai'), ('tk', 'Turkmen'), ('tr', 'Turkish'), ('tt', 'Tatar'), ('udm', 'Udmurt'), ('ug', 'Uyghur'), ('uk', 'Ukrainian'), ('ur', 'Urdu'), ('uz', 'Uzbek'), ('vi', 'Vietnamese'), ('zh-hans', 'Simplified Chinese'), ('zh-hant', 'Traditional Chinese')], 'LANGUAGES_BIDI': ['he', 'ar', 'ar-dz', 'ckb', 'fa', 'ug', 'ur'], 'LANGUAGE_CODE': 'en-us', 'LANGUAGE_COOKIE_AGE': None, 'LANGUAGE_COOKIE_DOMAIN': None, 'LANGUAGE_COOKIE_HTTPONLY': False, 'LANGUAGE_COOKIE_NAME': 'django_language', 'LANGUAGE_COOKIE_PATH': '/', 'LANGUAGE_COOKIE_SAMESITE': None, 'LANGUAGE_COOKIE_SECURE': False, 'LOCALE_PATHS': [], 'LOGGING': {'version': 1, 'disable_existing_loggers': False, 'formatters': {'verbose': {'format': '{levelname} {asctime} {module} {message}', 'style': '{'}, 'simple': {'format': '{levelname} {message}', 'style': '{'}}, 'handlers': {'console': {'level': 'DEBUG', 'class': 'logging.StreamHandler', 'formatter': 'verbose'}, 'file': {'level': 'DEBUG', 'class': 'logging.FileHandler', 'filename': 'debug.log', 'formatter': 'verbose'}}, 'loggers': {'django': {'handlers': ['console', 'file'], 'level': 'INFO', 'propagate': True}, 'users': {'handlers': ['console', 'file'], 'level': 'DEBUG', 'propagate': True}, 'django.request': {'handlers': ['console', 'file'], 'level': 'DEBUG', 'propagate': False}, 'django.template': {'handlers': ['console', 'file'], 'level': 'DEBUG', 'propagate': False}, 'django.db.backends': {'handlers': ['console'], 'level': 'INFO', 'propagate': False}}}, 'LOGGING_CONFIG': 'logging.config.dictConfig', 'LOGIN_REDIRECT_URL': '/accounts/profile/', 'LOGIN_URL': '/accounts/login/', 'LOGOUT_REDIRECT_URL': None, 'MANAGERS': [], 'MEDIA_ROOT': '/Users/zaharromasov/Desktop/TRPO-ZES/backend/media', 'MEDIA_URL': '/media/', 'MESSAGE_STORAGE': 'django.contrib.messages.storage.fallback.FallbackStorage', 'MIDDLEWARE': ['django.middleware.security.SecurityMiddleware', 'django.contrib.sessions.middleware.SessionMiddleware', 'corsheaders.middleware.CorsMiddleware', 'django.middleware.common.CommonMiddleware', 'django.middleware.csrf.CsrfViewMiddleware', 'django.contrib.auth.middleware.AuthenticationMiddleware', 'django.contrib.messages.middleware.MessageMiddleware', 'django.middleware.clickjacking.XFrameOptionsMiddleware'], 'MIGRATION_MODULES': {}, 'MONTH_DAY_FORMAT': 'F j', 'NUMBER_GROUPING': 0, 'PASSWORD_HASHERS': '********************', 'PASSWORD_RESET_TIMEOUT': '********************', 'PREPEND_WWW': False, 'REST_FRAMEWORK': {'DEFAULT_AUTHENTICATION_CLASSES': ['rest_framework_simplejwt.authentication.JWTAuthentication'], 'DEFAULT_PERMISSION_CLASSES': ['rest_framework.permissions.IsAuthenticated']}, 'ROOT_URLCONF': 'core.urls', 'SECRET_KEY': '********************', 'SECRET_KEY_FALLBACKS': '********************', 'SECURE_CONTENT_TYPE_NOSNIFF': True, 'SECURE_CROSS_ORIGIN_OPENER_POLICY': 'same-origin', 'SECURE_HSTS_INCLUDE_SUBDOMAINS': False, 'SECURE_HSTS_PRELOAD': False, 'SECURE_HSTS_SECONDS': 0, 'SECURE_PROXY_SSL_HEADER': None, 'SECURE_REDIRECT_EXEMPT': [], 'SECURE_REFERRER_POLICY': 'same-origin', 'SECURE_SSL_HOST': None, 'SECURE_SSL_REDIRECT': False, 'SERVER_EMAIL': 'root@localhost', 'SESSION_CACHE_ALIAS': 'default', 'SESSION_COOKIE_AGE': 1209600, 'SESSION_COOKIE_DOMAIN': None, 'SESSION_COOKIE_HTTPONLY': True, 'SESSION_COOKIE_NAME': 'sessionid', 'SESSION_COOKIE_PATH': '/', 'SESSION_COOKIE_SAMESITE': 'Lax', 'SESSION_COOKIE_SECURE': False, 'SESSION_ENGINE': 'django.contrib.sessions.backends.db', 'SESSION_EXPIRE_AT_BROWSER_CLOSE': False, 'SESSION_FILE_PATH': None, 'SESSION_SAVE_EVERY_REQUEST': False, 'SESSION_SERIALIZER': 'django.contrib.sessions.serializers.JSONSerializer', 'SETTINGS_MODULE': 'core.settings', 'SHORT_DATETIME_FORMAT': 'm/d/Y P', 'SHORT_DATE_FORMAT': 'm/d/Y', 'SIGNING_BACKEND': 'django.core.signing.TimestampSigner', 'SILENCED_SYSTEM_CHECKS': [], 'STATICFILES_DIRS': [], 'STATICFILES_FINDERS': ['django.contrib.staticfiles.finders.FileSystemFinder', 'django.contrib.staticfiles.finders.AppDirectoriesFinder'], 'STATIC_ROOT': '/Users/zaharromasov/Desktop/TRPO-ZES/backend/staticfiles', 'STATIC_URL': '/static/', 'STORAGES': {'default': {'BACKEND': 'django.core.files.storage.FileSystemStorage'}, 'staticfiles': {'BACKEND': 'django.contrib.staticfiles.storage.StaticFilesStorage'}}, 'TEMPLATES': [{'BACKEND': 'django.template.backends.django.DjangoTemplates', 'DIRS': [PosixPath('/Users/zaharromasov/Desktop/TRPO-ZES/backend/templates')], 'APP_DIRS': True, 'OPTIONS': {'context_processors': ['django.template.context_processors.debug', 'django.template.context_processors.request', 'django.contrib.auth.context_processors.auth', 'django.contrib.messages.context_processors.messages']}}], 'TEST_NON_SERIALIZED_APPS': [], 'TEST_RUNNER': 'django.test.runner.DiscoverRunner', 'THOUSAND_SEPARATOR': ',', 'TIME_FORMAT': 'P', 'TIME_INPUT_FORMATS': ['%H:%M:%S', '%H:%M:%S.%f', '%H:%M'], 'TIME_ZONE': 'UTC', 'USE_I18N': True, 'USE_THOUSAND_SEPARATOR': False, 'USE_TZ': True, 'USE_X_FORWARDED_HOST': False, 'USE_X_FORWARDED_PORT': False, 'WSGI_APPLICATION': 'core.wsgi.application', 'X_FRAME_OPTIONS': 'DENY', 'YEAR_MONTH_FORMAT': 'F Y'}, 'sys_executable': '/Users/zaharromasov/Desktop/TRPO-ZES/backend/venv/bin/python', 'sys_version_info': '3.11.5', 'server_time': datetime.datetime(2025, 4, 8, 8, 23, 2, 352122, tzinfo=datetime.timezone.utc), 'django_version_info': '5.1.7', 'sys_path': ['/Users/zaharromasov/Desktop/TRPO-ZES/backend', '/Users/zaharromasov/anaconda3/lib/python311.zip', '/Users/zaharromasov/anaconda3/lib/python3.11', '/Users/zaharromasov/anaconda3/lib/python3.11/lib-dynload', '/Users/zaharromasov/Desktop/TRPO-ZES/backend/venv/lib/python3.11/site-packages'], 'template_info': None, 'template_does_not_exist': False, 'postmortem': None, 'request_GET_items': <generator object MultiValueDict.items at 0x1113f8c80>, 'request_FILES_items': <generator object MultiValueDict.items at 0x1113f8ac0>, 'request_insecure_uri': 'http://localhost:8000/api/token/refresh/', 'raising_view_name': 'rest_framework_simplejwt.views.TokenRefreshView', 'exception_type': 'DoesNotExist', 'exception_value': 'User matching query does not exist.', 'lastframe': {'exc_cause': None, 'exc_cause_explicit': None, 'tb': <traceback object at 0x1116f0dc0>, 'type': 'django', 'filename': '/Users/zaharromasov/Desktop/TRPO-ZES/backend/venv/lib/python3.11/site-packages/django/db/models/query.py', 'function': 'get', 'lineno': 649, 'vars': [('self', '<QuerySet [<User: user@user.ru>, <User: anton@mail.ru>, <User: zakhar@mail.ru>]>'), ('args', '()'), ('kwargs', "{'id': 45}"), ('clone', '<QuerySet []>'), ('limit', '21'), ('num', '0')], 'id': 4587457984, 'pre_context': ['        ):', '            limit = MAX_GET_RESULTS', '            clone.query.set_limits(high=limit)', '        num = len(clone)', '        if num == 1:', '            return clone._result_cache[0]', '        if not num:'], 'context_line': '            raise self.model.DoesNotExist(', 'post_context': ['                "%s matching query does not exist." % self.model._meta.object_name', '            )', '        raise self.model.MultipleObjectsReturned(', '            "get() returned more than one %s -- it returned %s!"', '            % (', '                self.model._meta.object_name,'], 'pre_context_lineno': 642, 'colno': '\n                 ^', 'tb_area_colno': '\n    ^'}}]
DEBUG 2025-04-08 08:23:02,359 base Exception while resolving variable 'exception_notes' in template 'unknown'.
Traceback (most recent call last):
  File "/Users/zaharromasov/Desktop/TRPO-ZES/backend/venv/lib/python3.11/site-packages/django/core/handlers/exception.py", line 55, in inner
    response = get_response(request)
               ^^^^^^^^^^^^^^^^^^^^^
  File "/Users/zaharromasov/Desktop/TRPO-ZES/backend/venv/lib/python3.11/site-packages/django/core/handlers/base.py", line 197, in _get_response
    response = wrapped_callback(request, *callback_args, **callback_kwargs)
               ^^^^^^^^^^^^^^^^^^^^^^^^^^^^^^^^^^^^^^^^^^^^^^^^^^^^^^^^^^^^
  File "/Users/zaharromasov/Desktop/TRPO-ZES/backend/venv/lib/python3.11/site-packages/django/views/decorators/csrf.py", line 65, in _view_wrapper
    return view_func(request, *args, **kwargs)
           ^^^^^^^^^^^^^^^^^^^^^^^^^^^^^^^^^^^
  File "/Users/zaharromasov/Desktop/TRPO-ZES/backend/venv/lib/python3.11/site-packages/django/views/generic/base.py", line 104, in view
    return self.dispatch(request, *args, **kwargs)
           ^^^^^^^^^^^^^^^^^^^^^^^^^^^^^^^^^^^^^^^
  File "/Users/zaharromasov/Desktop/TRPO-ZES/backend/venv/lib/python3.11/site-packages/rest_framework/views.py", line 509, in dispatch
    response = self.handle_exception(exc)
               ^^^^^^^^^^^^^^^^^^^^^^^^^^
  File "/Users/zaharromasov/Desktop/TRPO-ZES/backend/venv/lib/python3.11/site-packages/rest_framework/views.py", line 469, in handle_exception
    self.raise_uncaught_exception(exc)
  File "/Users/zaharromasov/Desktop/TRPO-ZES/backend/venv/lib/python3.11/site-packages/rest_framework/views.py", line 480, in raise_uncaught_exception
    raise exc
  File "/Users/zaharromasov/Desktop/TRPO-ZES/backend/venv/lib/python3.11/site-packages/rest_framework/views.py", line 506, in dispatch
    response = handler(request, *args, **kwargs)
               ^^^^^^^^^^^^^^^^^^^^^^^^^^^^^^^^^
  File "/Users/zaharromasov/Desktop/TRPO-ZES/backend/venv/lib/python3.11/site-packages/rest_framework_simplejwt/views.py", line 44, in post
    serializer.is_valid(raise_exception=True)
  File "/Users/zaharromasov/Desktop/TRPO-ZES/backend/venv/lib/python3.11/site-packages/rest_framework/serializers.py", line 223, in is_valid
    self._validated_data = self.run_validation(self.initial_data)
                           ^^^^^^^^^^^^^^^^^^^^^^^^^^^^^^^^^^^^^^
  File "/Users/zaharromasov/Desktop/TRPO-ZES/backend/venv/lib/python3.11/site-packages/rest_framework/serializers.py", line 445, in run_validation
    value = self.validate(value)
            ^^^^^^^^^^^^^^^^^^^^
  File "/Users/zaharromasov/Desktop/TRPO-ZES/backend/venv/lib/python3.11/site-packages/rest_framework_simplejwt/serializers.py", line 116, in validate
    user := get_user_model().objects.get(
            ^^^^^^^^^^^^^^^^^^^^^^^^^^^^^
  File "/Users/zaharromasov/Desktop/TRPO-ZES/backend/venv/lib/python3.11/site-packages/django/db/models/manager.py", line 87, in manager_method
    return getattr(self.get_queryset(), name)(*args, **kwargs)
           ^^^^^^^^^^^^^^^^^^^^^^^^^^^^^^^^^^^^^^^^^^^^^^^^^^^
  File "/Users/zaharromasov/Desktop/TRPO-ZES/backend/venv/lib/python3.11/site-packages/django/db/models/query.py", line 649, in get
    raise self.model.DoesNotExist(
users.models.User.DoesNotExist: User matching query does not exist.

During handling of the above exception, another exception occurred:

Traceback (most recent call last):
  File "/Users/zaharromasov/Desktop/TRPO-ZES/backend/venv/lib/python3.11/site-packages/django/template/base.py", line 883, in _resolve_lookup
    current = current[bit]
              ~~~~~~~^^^^^
  File "/Users/zaharromasov/Desktop/TRPO-ZES/backend/venv/lib/python3.11/site-packages/django/template/context.py", line 85, in __getitem__
    raise KeyError(key)
KeyError: 'exception_notes'

During handling of the above exception, another exception occurred:

Traceback (most recent call last):
  File "/Users/zaharromasov/Desktop/TRPO-ZES/backend/venv/lib/python3.11/site-packages/django/template/base.py", line 889, in _resolve_lookup
    if isinstance(current, BaseContext) and getattr(
                                            ^^^^^^^^
AttributeError: type object 'Context' has no attribute 'exception_notes'

During handling of the above exception, another exception occurred:

Traceback (most recent call last):
  File "/Users/zaharromasov/Desktop/TRPO-ZES/backend/venv/lib/python3.11/site-packages/django/template/base.py", line 899, in _resolve_lookup
    current = current[int(bit)]
                      ^^^^^^^^
ValueError: invalid literal for int() with base 10: 'exception_notes'

During handling of the above exception, another exception occurred:

Traceback (most recent call last):
  File "/Users/zaharromasov/Desktop/TRPO-ZES/backend/venv/lib/python3.11/site-packages/django/template/base.py", line 906, in _resolve_lookup
    raise VariableDoesNotExist(
django.template.base.VariableDoesNotExist: Failed lookup for key [exception_notes] in [{'True': True, 'False': False, 'None': None}, {'is_email': False, 'unicode_hint': '', 'frames': [{'exc_cause': None, 'exc_cause_explicit': None, 'tb': <traceback object at 0x11171fd40>, 'type': 'django', 'filename': '/Users/zaharromasov/Desktop/TRPO-ZES/backend/venv/lib/python3.11/site-packages/django/core/handlers/exception.py', 'function': 'inner', 'lineno': 55, 'vars': [('request', "<WSGIRequest: POST '/api/token/refresh/'>"), ('exc', "DoesNotExist('User matching query does not exist.')"), ('get_response', '<bound method BaseHandler._get_response of <django.core.handlers.wsgi.WSGIHandler object at 0x1023a3910>>')], 'id': 4587650368, 'pre_context': ['', '        return inner', '    else:', '', '        @wraps(get_response)', '        def inner(request):', '            try:'], 'context_line': '                response = get_response(request)', 'post_context': ['            except Exception as exc:', '                response = response_for_exception(request, exc)', '            return response', '', '        return inner', ''], 'pre_context_lineno': 48, 'colno': '\n                               ^^^^^^^^^^^^^^^^^^^^^', 'tb_area_colno': '\n               ^^^^^^^^^^^^^^^^^^^^^'}, {'exc_cause': None, 'exc_cause_explicit': None, 'tb': <traceback object at 0x11171e800>, 'type': 'django', 'filename': '/Users/zaharromasov/Desktop/TRPO-ZES/backend/venv/lib/python3.11/site-packages/django/core/handlers/base.py', 'function': '_get_response', 'lineno': 197, 'vars': [('self', '<django.core.handlers.wsgi.WSGIHandler object at 0x1023a3910>'), ('request', "<WSGIRequest: POST '/api/token/refresh/'>"), ('response', 'None'), ('callback', '<function View.as_view.<locals>.view at 0x103be7420>'), ('callback_args', '()'), ('callback_kwargs', '{}'), ('middleware_method', '<bound method CsrfViewMiddleware.process_view of <CsrfViewMiddleware get_response=convert_exception_to_response.<locals>.inner>>'), ('wrapped_callback', '<function View.as_view.<locals>.view at 0x103be7420>')], 'id': 4587644928, 'pre_context': ['', '        if response is None:', '            wrapped_callback = self.make_view_atomic(callback)', '            # If it is an asynchronous view, run it in a subthread.', '            if iscoroutinefunction(wrapped_callback):', '                wrapped_callback = async_to_sync(wrapped_callback)', '            try:'], 'context_line': '                response = wrapped_callback(request, *callback_args, **callback_kwargs)', 'post_context': ['            except Exception as e:', '                response = self.process_exception_by_middleware(e, request)', '                if response is None:', '                    raise', '', '        # Complain if the view returned None (a common error).'], 'pre_context_lineno': 190, 'colno': '\n                                ^^^^^^^^^^^^^^^^^^^^^^^^^^^^^^^^^^^^^^^^^^^^^^^^^^^^^^^^^^^^', 'tb_area_colno': '\n               ^^^^^^^^^^^^^^^^^^^^^^^^^^^^^^^^^^^^^^^^^^^^^^^^^^^^^^^^^^^^'}, {'exc_cause': None, 'exc_cause_explicit': None, 'tb': <traceback object at 0x11171c380>, 'type': 'django', 'filename': '/Users/zaharromasov/Desktop/TRPO-ZES/backend/venv/lib/python3.11/site-packages/django/views/decorators/csrf.py', 'function': '_view_wrapper', 'lineno': 65, 'vars': [('request', "<WSGIRequest: POST '/api/token/refresh/'>"), ('args', '()'), ('kwargs', '{}'), ('view_func', '<function View.as_view.<locals>.view at 0x103be6f20>')], 'id': 4587635584, 'pre_context': ['', '        async def _view_wrapper(request, *args, **kwargs):', '            return await view_func(request, *args, **kwargs)', '', '    else:', '', '        def _view_wrapper(request, *args, **kwargs):'], 'context_line': '            return view_func(request, *args, **kwargs)', 'post_context': ['', '    _view_wrapper.csrf_exempt = True', '', '    return wraps(view_func)(_view_wrapper)'], 'pre_context_lineno': 58, 'colno': '\n                       ^^^^^^^^^^^^^^^^^^^^^^^^^^^^^^^^^^^', 'tb_area_colno': '\n           ^^^^^^^^^^^^^^^^^^^^^^^^^^^^^^^^^^^'}, {'exc_cause': None, 'exc_cause_explicit': None, 'tb': <traceback object at 0x111700b40>, 'type': 'django', 'filename': '/Users/zaharromasov/Desktop/TRPO-ZES/backend/venv/lib/python3.11/site-packages/django/views/generic/base.py', 'function': 'view', 'lineno': 104, 'vars': [('request', "<WSGIRequest: POST '/api/token/refresh/'>"), ('args', '()'), ('kwargs', '{}'), ('self', '<rest_framework_simplejwt.views.TokenRefreshView object at 0x111702b50>'), ('cls', "<class 'rest_framework_simplejwt.views.TokenRefreshView'>"), ('initkwargs', '{}')], 'id': 4587522880, 'pre_context': ['            self = cls(**initkwargs)', '            self.setup(request, *args, **kwargs)', '            if not hasattr(self, "request"):', '                raise AttributeError(', '                    "%s instance has no \'request\' attribute. Did you override "', '                    "setup() and forget to call super()?" % cls.__name__', '                )'], 'context_line': '            return self.dispatch(request, *args, **kwargs)', 'post_context': ['', '        view.view_class = cls', '        view.view_initkwargs = initkwargs', '', '        # __name__ and __qualname__ are intentionally left unchanged as', '        # view_class should be used to robustly determine the name of the view'], 'pre_context_lineno': 97, 'colno': '\n                        ^^^^^^^^^^^^^^^^^^^^^^^^^^^^^^^^^^^^^^^', 'tb_area_colno': '\n           ^^^^^^^^^^^^^^^^^^^^^^^^^^^^^^^^^^^^^^^'}, {'exc_cause': None, 'exc_cause_explicit': None, 'tb': <traceback object at 0x11171cec0>, 'type': 'user', 'filename': '/Users/zaharromasov/Desktop/TRPO-ZES/backend/venv/lib/python3.11/site-packages/rest_framework/views.py', 'function': 'dispatch', 'lineno': 509, 'vars': [('self', '<rest_framework_simplejwt.views.TokenRefreshView object at 0x111702b50>'), ('request', "<rest_framework.request.Request: POST '/api/token/refresh/'>"), ('args', '()'), ('kwargs', '{}'), ('handler', '<bound method TokenViewBase.post of <rest_framework_simplejwt.views.TokenRefreshView object at 0x111702b50>>')], 'id': 4587638464, 'pre_context': ['                                  self.http_method_not_allowed)', '            else:', '                handler = self.http_method_not_allowed', '', '            response = handler(request, *args, **kwargs)', '', '        except Exception as exc:'], 'context_line': '            response = self.handle_exception(exc)', 'post_context': ['', '        self.response = self.finalize_response(request, response, *args, **kwargs)', '        return self.response', '', '    def options(self, request, *args, **kwargs):', '        """'], 'pre_context_lineno': 502, 'colno': '\n                            ^^^^^^^^^^^^^^^^^^^^^^^^^^', 'tb_area_colno': '\n               ^^^^^^^^^^^^^^^^^^^^^^^^^^'}, {'exc_cause': None, 'exc_cause_explicit': None, 'tb': <traceback object at 0x11171f140>, 'type': 'user', 'filename': '/Users/zaharromasov/Desktop/TRPO-ZES/backend/venv/lib/python3.11/site-packages/rest_framework/views.py', 'function': 'handle_exception', 'lineno': 469, 'vars': [('self', '<rest_framework_simplejwt.views.TokenRefreshView object at 0x111702b50>'), ('exc', "DoesNotExist('User matching query does not exist.')"), ('exception_handler', '<function exception_handler at 0x103b99f80>'), ('context', "{'args': (),\n 'kwargs': {},\n 'request': <rest_framework.request.Request: POST '/api/token/refresh/'>,\n 'view': <rest_framework_simplejwt.views.TokenRefreshView object at 0x111702b50>}"), ('response', 'None')], 'id': 4587647296, 'pre_context': ['', '        exception_handler = self.get_exception_handler()', '', '        context = self.get_exception_handler_context()', '        response = exception_handler(exc, context)', '', '        if response is None:'], 'context_line': '            self.raise_uncaught_exception(exc)', 'post_context': ['', '        response.exception = True', '        return response', '', '    def raise_uncaught_exception(self, exc):', '        if settings.DEBUG:'], 'pre_context_lineno': 462, 'colno': '\n                 ^^^^^^^^^^^^^^^^^^^^^^^^^^^^^^^^^^', 'tb_area_colno': '\n    ^^^^^^^^^^^^^^^^^^^^^^^^^^^^^^^^^^'}, {'exc_cause': None, 'exc_cause_explicit': None, 'tb': <traceback object at 0x11171eac0>, 'type': 'user', 'filename': '/Users/zaharromasov/Desktop/TRPO-ZES/backend/venv/lib/python3.11/site-packages/rest_framework/views.py', 'function': 'raise_uncaught_exception', 'lineno': 480, 'vars': [('self', '<rest_framework_simplejwt.views.TokenRefreshView object at 0x111702b50>'), ('exc', "DoesNotExist('User matching query does not exist.')"), ('request', "<rest_framework.request.Request: POST '/api/token/refresh/'>"), ('renderer_format', "'json'"), ('use_plaintext_traceback', 'True')], 'id': 4587645632, 'pre_context': ['', '    def raise_uncaught_exception(self, exc):', '        if settings.DEBUG:', '            request = self.request', "            renderer_format = getattr(request.accepted_renderer, 'format')", "            use_plaintext_traceback = renderer_format not in ('html', 'api', 'admin')", '            request.force_plaintext_errors(use_plaintext_traceback)'], 'context_line': '        raise exc', 'post_context': ['', '    # Note: Views are made CSRF exempt from within `as_view` as to prevent', '    # accidental removal of this exemption in cases where `dispatch` needs to', '    # be overridden.', '    def dispatch(self, request, *args, **kwargs):', '        """'], 'pre_context_lineno': 473, 'colno': '\n             ^^^^^^^^^', 'tb_area_colno': '\n    ^^^^^^^^^'}, {'exc_cause': None, 'exc_cause_explicit': None, 'tb': <traceback object at 0x11171d600>, 'type': 'user', 'filename': '/Users/zaharromasov/Desktop/TRPO-ZES/backend/venv/lib/python3.11/site-packages/rest_framework/views.py', 'function': 'dispatch', 'lineno': 506, 'vars': [('self', '<rest_framework_simplejwt.views.TokenRefreshView object at 0x111702b50>'), ('request', "<rest_framework.request.Request: POST '/api/token/refresh/'>"), ('args', '()'), ('kwargs', '{}'), ('handler', '<bound method TokenViewBase.post of <rest_framework_simplejwt.views.TokenRefreshView object at 0x111702b50>>')], 'id': 4587640320, 'pre_context': ['            # Get the appropriate handler method', '            if request.method.lower() in self.http_method_names:', '                handler = getattr(self, request.method.lower(),', '                                  self.http_method_not_allowed)', '            else:', '                handler = self.http_method_not_allowed', ''], 'context_line': '            response = handler(request, *args, **kwargs)', 'post_context': ['', '        except Exception as exc:', '            response = self.handle_exception(exc)', '', '        self.response = self.finalize_response(request, response, *args, **kwargs)', '        return self.response'], 'pre_context_lineno': 499, 'colno': '\n                            ^^^^^^^^^^^^^^^^^^^^^^^^^^^^^^^^^', 'tb_area_colno': '\n               ^^^^^^^^^^^^^^^^^^^^^^^^^^^^^^^^^'}, {'exc_cause': None, 'exc_cause_explicit': None, 'tb': <traceback object at 0x11171e5c0>, 'type': 'user', 'filename': '/Users/zaharromasov/Desktop/TRPO-ZES/backend/venv/lib/python3.11/site-packages/rest_framework_simplejwt/views.py', 'function': 'post', 'lineno': 44, 'vars': [('self', '<rest_framework_simplejwt.views.TokenRefreshView object at 0x111702b50>'), ('request', "<rest_framework.request.Request: POST '/api/token/refresh/'>"), ('args', '()'), ('kwargs', '{}'), ('serializer', "TokenRefreshSerializer(context={'request': <rest_framework.request.Request: POST '/api/token/refresh/'>, 'format': None, 'view': <rest_framework_simplejwt.views.TokenRefreshView object>}, data={'refresh': 'eyJhbGciOiJIUzI1NiIsInR5cCI6IkpXVCJ9.eyJ0b2tlbl90eXBlIjoicmVmcmVzaCIsImV4cCI6MTc0NDE4Njg5MCwiaWF0IjoxNzQ0MTAwNDkwLCJqdGkiOiJmMGY0NWUxM2EwZDc0NWE0Yjc5NTUxMzU4NDQ2Y2NjNSIsInVzZXJfaWQiOjQ1fQ.bj1A736dSUitUWhQ7L6VJeYXDqAKhHBqnmT6yp7Im3g'}):\n    refresh = CharField()\n    access = CharField(read_only=True)")], 'id': 4587644352, 'pre_context': ['            self.www_authenticate_realm,', '        )', '', '    def post(self, request: Request, *args, **kwargs) -> Response:', '        serializer = self.get_serializer(data=request.data)', '', '        try:'], 'context_line': '            serializer.is_valid(raise_exception=True)', 'post_context': ['        except TokenError as e:', '            raise InvalidToken(e.args[0])', '', '        return Response(serializer.validated_data, status=status.HTTP_200_OK)', '', ''], 'pre_context_lineno': 37, 'colno': '\n                ^^^^^^^^^^^^^^^^^^^^^^^^^^^^^^^^^^^^^^^^^', 'tb_area_colno': '\n    ^^^^^^^^^^^^^^^^^^^^^^^^^^^^^^^^^^^^^^^^^'}, {'exc_cause': None, 'exc_cause_explicit': None, 'tb': <traceback object at 0x11171f5c0>, 'type': 'user', 'filename': '/Users/zaharromasov/Desktop/TRPO-ZES/backend/venv/lib/python3.11/site-packages/rest_framework/serializers.py', 'function': 'is_valid', 'lineno': 223, 'vars': [('self', "TokenRefreshSerializer(context={'request': <rest_framework.request.Request: POST '/api/token/refresh/'>, 'format': None, 'view': <rest_framework_simplejwt.views.TokenRefreshView object>}, data={'refresh': 'eyJhbGciOiJIUzI1NiIsInR5cCI6IkpXVCJ9.eyJ0b2tlbl90eXBlIjoicmVmcmVzaCIsImV4cCI6MTc0NDE4Njg5MCwiaWF0IjoxNzQ0MTAwNDkwLCJqdGkiOiJmMGY0NWUxM2EwZDc0NWE0Yjc5NTUxMzU4NDQ2Y2NjNSIsInVzZXJfaWQiOjQ1fQ.bj1A736dSUitUWhQ7L6VJeYXDqAKhHBqnmT6yp7Im3g'}):\n    refresh = CharField()\n    access = CharField(read_only=True)"), ('raise_exception', 'True')], 'id': 4587648448, 'pre_context': ["        assert hasattr(self, 'initial_data'), (", "            'Cannot call `.is_valid()` as no `data=` keyword argument was '", "            'passed when instantiating the serializer instance.'", '        )', '', "        if not hasattr(self, '_validated_data'):", '            try:'], 'context_line': '                self._validated_data = self.run_validation(self.initial_data)', 'post_context': ['            except ValidationError as exc:', '                self._validated_data = {}', '                self._errors = exc.detail', '            else:', '                self._errors = {}', ''], 'pre_context_lineno': 216, 'colno': '\n                                            ^^^^^^^^^^^^^^^^^^^^^^^^^^^^^^^^^^^^^^', 'tb_area_colno': '\n                           ^^^^^^^^^^^^^^^^^^^^^^^^^^^^^^^^^^^^^^'}, {'exc_cause': None, 'exc_cause_explicit': None, 'tb': <traceback object at 0x11171c040>, 'type': 'user', 'filename': '/Users/zaharromasov/Desktop/TRPO-ZES/backend/venv/lib/python3.11/site-packages/rest_framework/serializers.py', 'function': 'run_validation', 'lineno': 445, 'vars': [('self', "TokenRefreshSerializer(context={'request': <rest_framework.request.Request: POST '/api/token/refresh/'>, 'format': None, 'view': <rest_framework_simplejwt.views.TokenRefreshView object>}, data={'refresh': 'eyJhbGciOiJIUzI1NiIsInR5cCI6IkpXVCJ9.eyJ0b2tlbl90eXBlIjoicmVmcmVzaCIsImV4cCI6MTc0NDE4Njg5MCwiaWF0IjoxNzQ0MTAwNDkwLCJqdGkiOiJmMGY0NWUxM2EwZDc0NWE0Yjc5NTUxMzU4NDQ2Y2NjNSIsInVzZXJfaWQiOjQ1fQ.bj1A736dSUitUWhQ7L6VJeYXDqAKhHBqnmT6yp7Im3g'}):\n    refresh = CharField()\n    access = CharField(read_only=True)"), ('data', "{'refresh': 'eyJhbGciOiJIUzI1NiIsInR5cCI6IkpXVCJ9.eyJ0b2tlbl90eXBlIjoicmVmcmVzaCIsImV4cCI6MTc0NDE4Njg5MCwiaWF0IjoxNzQ0MTAwNDkwLCJqdGkiOiJmMGY0NWUxM2EwZDc0NWE0Yjc5NTUxMzU4NDQ2Y2NjNSIsInVzZXJfaWQiOjQ1fQ.bj1A736dSUitUWhQ7L6VJeYXDqAKhHBqnmT6yp7Im3g'}"), ('is_empty_value', 'False'), ('value', "{'refresh': 'eyJhbGciOiJIUzI1NiIsInR5cCI6IkpXVCJ9.eyJ0b2tlbl90eXBlIjoicmVmcmVzaCIsImV4cCI6MTc0NDE4Njg5MCwiaWF0IjoxNzQ0MTAwNDkwLCJqdGkiOiJmMGY0NWUxM2EwZDc0NWE0Yjc5NTUxMzU4NDQ2Y2NjNSIsInVzZXJfaWQiOjQ1fQ.bj1A736dSUitUWhQ7L6VJeYXDqAKhHBqnmT6yp7Im3g'}")], 'id': 4587634752, 'pre_context': ['        (is_empty_value, data) = self.validate_empty_values(data)', '        if is_empty_value:', '            return data', '', '        value = self.to_internal_value(data)', '        try:', '            self.run_validators(value)'], 'context_line': '            value = self.validate(value)', 'post_context': ["            assert value is not None, '.validate() should return the validated data'", '        except (ValidationError, DjangoValidationError) as exc:', '            raise ValidationError(detail=as_serializer_error(exc))', '', '        return value', ''], 'pre_context_lineno': 438, 'colno': '\n                         ^^^^^^^^^^^^^^^^^^^^', 'tb_area_colno': '\n            ^^^^^^^^^^^^^^^^^^^^'}, {'exc_cause': None, 'exc_cause_explicit': None, 'tb': <traceback object at 0x11171f8c0>, 'type': 'user', 'filename': '/Users/zaharromasov/Desktop/TRPO-ZES/backend/venv/lib/python3.11/site-packages/rest_framework_simplejwt/serializers.py', 'function': 'validate', 'lineno': 116, 'vars': [('self', "TokenRefreshSerializer(context={'request': <rest_framework.request.Request: POST '/api/token/refresh/'>, 'format': None, 'view': <rest_framework_simplejwt.views.TokenRefreshView object>}, data={'refresh': 'eyJhbGciOiJIUzI1NiIsInR5cCI6IkpXVCJ9.eyJ0b2tlbl90eXBlIjoicmVmcmVzaCIsImV4cCI6MTc0NDE4Njg5MCwiaWF0IjoxNzQ0MTAwNDkwLCJqdGkiOiJmMGY0NWUxM2EwZDc0NWE0Yjc5NTUxMzU4NDQ2Y2NjNSIsInVzZXJfaWQiOjQ1fQ.bj1A736dSUitUWhQ7L6VJeYXDqAKhHBqnmT6yp7Im3g'}):\n    refresh = CharField()\n    access = CharField(read_only=True)"), ('attrs', "{'refresh': 'eyJhbGciOiJIUzI1NiIsInR5cCI6IkpXVCJ9.eyJ0b2tlbl90eXBlIjoicmVmcmVzaCIsImV4cCI6MTc0NDE4Njg5MCwiaWF0IjoxNzQ0MTAwNDkwLCJqdGkiOiJmMGY0NWUxM2EwZDc0NWE0Yjc5NTUxMzU4NDQ2Y2NjNSIsInVzZXJfaWQiOjQ1fQ.bj1A736dSUitUWhQ7L6VJeYXDqAKhHBqnmT6yp7Im3g'}"), ('refresh', "{'token_type': 'refresh', 'exp': 1744186890, 'iat': 1744100490, 'jti': 'f0f45e13a0d745a4b79551358446ccc5', 'user_id': 45}"), ('user_id', '45')], 'id': 4587649216, 'pre_context': ['    }', '', '    def validate(self, attrs: dict[str, Any]) -> dict[str, str]:', '        refresh = self.token_class(attrs["refresh"])', '', '        user_id = refresh.payload.get(api_settings.USER_ID_CLAIM, None)', '        if user_id and ('], 'context_line': '            user := get_user_model().objects.get(', 'post_context': ['                **{api_settings.USER_ID_FIELD: user_id}', '            )', '        ):', '            if not api_settings.USER_AUTHENTICATION_RULE(user):', '                raise AuthenticationFailed(', '                    self.error_messages["no_active_account"],'], 'pre_context_lineno': 109, 'colno': '\n                         ', 'tb_area_colno': '\n            '}, {'exc_cause': None, 'exc_cause_explicit': None, 'tb': <traceback object at 0x11171cb40>, 'type': 'django', 'filename': '/Users/zaharromasov/Desktop/TRPO-ZES/backend/venv/lib/python3.11/site-packages/django/db/models/manager.py', 'function': 'manager_method', 'lineno': 87, 'vars': [('self', '<django.contrib.auth.models.UserManager object at 0x102c07350>'), ('args', '()'), ('kwargs', "{'id': 45}"), ('name', "'get'")], 'id': 4587637568, 'pre_context': ['        return []', '', '    @classmethod', '    def _get_queryset_methods(cls, queryset_class):', '        def create_method(name, method):', '            @wraps(method)', '            def manager_method(self, *args, **kwargs):'], 'context_line': '                return getattr(self.get_queryset(), name)(*args, **kwargs)', 'post_context': ['', '            return manager_method', '', '        new_methods = {}', '        for name, method in inspect.getmembers(', '            queryset_class, predicate=inspect.isfunction'], 'pre_context_lineno': 80, 'colno': '\n                           ^^^^^^^^^^^^^^^^^^^^^^^^^^^^^^^^^^^^^^^^^^^^^^^^^^^', 'tb_area_colno': '\n           ^^^^^^^^^^^^^^^^^^^^^^^^^^^^^^^^^^^^^^^^^^^^^^^^^^^'}, {'exc_cause': None, 'exc_cause_explicit': None, 'tb': <traceback object at 0x1116f0dc0>, 'type': 'django', 'filename': '/Users/zaharromasov/Desktop/TRPO-ZES/backend/venv/lib/python3.11/site-packages/django/db/models/query.py', 'function': 'get', 'lineno': 649, 'vars': [('self', '<QuerySet [<User: user@user.ru>, <User: anton@mail.ru>, <User: zakhar@mail.ru>]>'), ('args', '()'), ('kwargs', "{'id': 45}"), ('clone', '<QuerySet []>'), ('limit', '21'), ('num', '0')], 'id': 4587457984, 'pre_context': ['        ):', '            limit = MAX_GET_RESULTS', '            clone.query.set_limits(high=limit)', '        num = len(clone)', '        if num == 1:', '            return clone._result_cache[0]', '        if not num:'], 'context_line': '            raise self.model.DoesNotExist(', 'post_context': ['                "%s matching query does not exist." % self.model._meta.object_name', '            )', '        raise self.model.MultipleObjectsReturned(', '            "get() returned more than one %s -- it returned %s!"', '            % (', '                self.model._meta.object_name,'], 'pre_context_lineno': 642, 'colno': '\n                 ^', 'tb_area_colno': '\n    ^'}], 'request': <WSGIRequest: POST '/api/token/refresh/'>, 'request_meta': {'MallocNanoZone': '0', 'USER': 'zaharromasov', 'COMMAND_MODE': 'unix2003', '__CFBundleIdentifier': 'com.todesktop.230313mzl4w4u92', 'PATH': '/Users/zaharromasov/Desktop/TRPO-ZES/backend/venv/bin:/Users/zaharromasov/.nvm/versions/node/v22.14.0/bin:/opt/homebrew/bin:/opt/homebrew/sbin:/Library/Frameworks/Python.framework/Versions/3.9/bin:/usr/local/bin:/System/Cryptexes/App/usr/bin:/usr/bin:/bin:/usr/sbin:/sbin:/var/run/com.apple.security.cryptexd/codex.system/bootstrap/usr/local/bin:/var/run/com.apple.security.cryptexd/codex.system/bootstrap/usr/bin:/var/run/com.apple.security.cryptexd/codex.system/bootstrap/usr/appleinternal/bin:/Library/Apple/usr/bin:/usr/local/share/dotnet:~/.dotnet/tools:/Users/zaharromasov/.nvm/versions/node/v22.14.0/bin:/Users/zaharromasov/anaconda3/bin:/Users/zaharromasov/anaconda3/condabin', 'LOGNAME': 'zaharromasov', 'SSH_AUTH_SOCK': '/private/tmp/com.apple.launchd.HGJvUZXIHJ/Listeners', 'HOME': '/Users/zaharromasov', 'SHELL': '/bin/zsh', 'TMPDIR': '/var/folders/vf/hgk3wy0176xc_tlwpr6w207h0000gn/T/', '__CF_USER_TEXT_ENCODING': '0x1F5:0x7:0x31', 'XPC_SERVICE_NAME': '0', 'DEVECOSTUDIO_VM_OPTIONS': '/Users/zaharromasov/jetbra/vmoptions/devecostudio.vmoptions', 'STUDIO_VM_OPTIONS': '/Users/zaharromasov/jetbra/vmoptions/studio.vmoptions', 'JETBRAINSCLIENT_VM_OPTIONS': '/Users/zaharromasov/jetbra/vmoptions/jetbrainsclient.vmoptions', 'JETBRAINS_CLIENT_VM_OPTIONS': '/Users/zaharromasov/jetbra/vmoptions/jetbrains_client.vmoptions', 'GATEWAY_VM_OPTIONS': '/Users/zaharromasov/jetbra/vmoptions/gateway.vmoptions', 'DATASPELL_VM_OPTIONS': '/Users/zaharromasov/jetbra/vmoptions/dataspell.vmoptions', 'APPCODE_VM_OPTIONS': '/Users/zaharromasov/jetbra/vmoptions/appcode.vmoptions', 'RUBYMINE_VM_OPTIONS': '/Users/zaharromasov/jetbra/vmoptions/rubymine.vmoptions', 'DATAGRIP_VM_OPTIONS': '/Users/zaharromasov/jetbra/vmoptions/datagrip.vmoptions', 'RIDER_VM_OPTIONS': '/Users/zaharromasov/jetbra/vmoptions/rider.vmoptions', 'WEBIDE_VM_OPTIONS': '/Users/zaharromasov/jetbra/vmoptions/webide.vmoptions', 'WEBSTORM_VM_OPTIONS': '/Users/zaharromasov/jetbra/vmoptions/webstorm.vmoptions', 'PYCHARM_VM_OPTIONS': '/Users/zaharromasov/jetbra/vmoptions/pycharm.vmoptions', 'GOLAND_VM_OPTIONS': '/Users/zaharromasov/jetbra/vmoptions/goland.vmoptions', 'PHPSTORM_VM_OPTIONS': '/Users/zaharromasov/jetbra/vmoptions/phpstorm.vmoptions', 'CLION_VM_OPTIONS': '/Users/zaharromasov/jetbra/vmoptions/clion.vmoptions', 'IDEA_VM_OPTIONS': '/Users/zaharromasov/jetbra/vmoptions/idea.vmoptions', 'XPC_FLAGS': '0x0', 'ORIGINAL_XDG_CURRENT_DESKTOP': 'undefined', 'CURSOR_TRACE_ID': '440bde5202d049e5b7ab8539298585da', 'SHLVL': '1', 'PWD': '/Users/zaharromasov/Desktop/TRPO-ZES/backend', 'OLDPWD': '/Users/zaharromasov/Desktop/TRPO-ZES', 'HOMEBREW_PREFIX': '/opt/homebrew', 'HOMEBREW_CELLAR': '/opt/homebrew/Cellar', 'HOMEBREW_REPOSITORY': '/opt/homebrew', 'INFOPATH': '/opt/homebrew/share/info:/opt/homebrew/share/info:', 'CONDA_EXE': '/Users/zaharromasov/anaconda3/bin/conda', '_CE_M': '', '_CE_CONDA': '', 'CONDA_PYTHON_EXE': '/Users/zaharromasov/anaconda3/bin/python', 'CONDA_SHLVL': '1', 'CONDA_PREFIX': '/Users/zaharromasov/anaconda3', 'CONDA_DEFAULT_ENV': 'base', 'CONDA_PROMPT_MODIFIER': '(base) ', 'NVM_DIR': '/Users/zaharromasov/.nvm', 'NVM_CD_FLAGS': '-q', 'NVM_BIN': '/Users/zaharromasov/.nvm/versions/node/v22.14.0/bin', 'NVM_INC': '/Users/zaharromasov/.nvm/versions/node/v22.14.0/include/node', 'TERM_PROGRAM': 'vscode', 'TERM_PROGRAM_VERSION': '0.48.7', 'LANG': 'en_US.UTF-8', 'COLORTERM': 'truecolor', 'GIT_ASKPASS': '********************', 'VSCODE_GIT_ASKPASS_NODE': '********************', 'VSCODE_GIT_ASKPASS_EXTRA_ARGS': '********************', 'VSCODE_GIT_ASKPASS_MAIN': '********************', 'VSCODE_GIT_IPC_HANDLE': '/var/folders/vf/hgk3wy0176xc_tlwpr6w207h0000gn/T/vscode-git-2d592c28f8.sock', 'VSCODE_INJECTION': '1', 'ZDOTDIR': '/Users/zaharromasov', 'USER_ZDOTDIR': '/Users/zaharromasov', 'TERM': 'xterm-256color', 'VIRTUAL_ENV': '/Users/zaharromasov/Desktop/TRPO-ZES/backend/venv', 'PS1': '(venv) (base) %n@%m %1~ %# ', 'VIRTUAL_ENV_PROMPT': '(venv) ', '_': '/Users/zaharromasov/Desktop/TRPO-ZES/backend/venv/bin/python', 'DJANGO_SETTINGS_MODULE': 'core.settings', 'TZ': 'UTC', 'RUN_MAIN': 'true', 'SERVER_NAME': '1.0.0.127.in-addr.arpa', 'GATEWAY_INTERFACE': 'CGI/1.1', 'SERVER_PORT': '8000', 'REMOTE_HOST': '', 'CONTENT_LENGTH': '245', 'SCRIPT_NAME': '', 'SERVER_PROTOCOL': 'HTTP/1.1', 'SERVER_SOFTWARE': 'WSGIServer/0.2', 'REQUEST_METHOD': 'POST', 'PATH_INFO': '/api/token/refresh/', 'QUERY_STRING': '', 'REMOTE_ADDR': '127.0.0.1', 'CONTENT_TYPE': 'application/json', 'HTTP_HOST': 'localhost:8000', 'HTTP_CONNECTION': 'keep-alive', 'HTTP_SEC_CH_UA_PLATFORM': '"macOS"', 'HTTP_USER_AGENT': 'Mozilla/5.0 (Macintosh; Intel Mac OS X 10_15_7) AppleWebKit/537.36 (KHTML, like Gecko) Chrome/134.0.0.0 Safari/537.36', 'HTTP_ACCEPT': 'application/json, text/plain, */*', 'HTTP_SEC_CH_UA': '"Chromium";v="134", "Not:A-Brand";v="24", "Google Chrome";v="134"', 'HTTP_SEC_CH_UA_MOBILE': '?0', 'HTTP_ORIGIN': 'http://localhost:3000', 'HTTP_SEC_FETCH_SITE': 'same-site', 'HTTP_SEC_FETCH_MODE': 'cors', 'HTTP_SEC_FETCH_DEST': 'empty', 'HTTP_REFERER': 'http://localhost:3000/', 'HTTP_ACCEPT_ENCODING': 'gzip, deflate, br, zstd', 'HTTP_ACCEPT_LANGUAGE': 'ru-RU,ru;q=0.9,en-US;q=0.8,en;q=0.7', 'wsgi.input': <django.core.handlers.wsgi.LimitedStream object at 0x103dca410>, 'wsgi.errors': <_io.TextIOWrapper name='<stderr>' mode='w' encoding='utf-8'>, 'wsgi.version': (1, 0), 'wsgi.run_once': False, 'wsgi.url_scheme': 'http', 'wsgi.multithread': True, 'wsgi.multiprocess': False, 'wsgi.file_wrapper': <class 'wsgiref.util.FileWrapper'>}, 'request_COOKIES_items': dict_items([]), 'user_str': 'AnonymousUser', 'filtered_POST_items': [], 'settings': {'ABSOLUTE_URL_OVERRIDES': {}, 'ADMINS': [], 'ALLOWED_HOSTS': [], 'APPEND_SLASH': True, 'ASGI_APPLICATION': 'core.asgi.application', 'AUTHENTICATION_BACKENDS': ['django.contrib.auth.backends.ModelBackend'], 'AUTH_PASSWORD_VALIDATORS': '********************', 'AUTH_USER_MODEL': 'users.User', 'BASE_DIR': PosixPath('/Users/zaharromasov/Desktop/TRPO-ZES/backend'), 'CACHES': {'default': {'BACKEND': 'django.core.cache.backends.locmem.LocMemCache'}}, 'CACHE_MIDDLEWARE_ALIAS': 'default', 'CACHE_MIDDLEWARE_KEY_PREFIX': '********************', 'CACHE_MIDDLEWARE_SECONDS': 600, 'CHANNEL_LAYERS': {'default': {'BACKEND': 'channels.layers.InMemoryChannelLayer'}}, 'CORS_ALLOW_ALL_ORIGINS': True, 'CORS_ALLOW_CREDENTIALS': True, 'CORS_ALLOW_HEADERS': ['*'], 'CORS_ALLOW_METHODS': ['*'], 'CSRF_COOKIE_AGE': 31449600, 'CSRF_COOKIE_DOMAIN': None, 'CSRF_COOKIE_HTTPONLY': False, 'CSRF_COOKIE_NAME': 'csrftoken', 'CSRF_COOKIE_PATH': '/', 'CSRF_COOKIE_SAMESITE': 'Lax', 'CSRF_COOKIE_SECURE': False, 'CSRF_FAILURE_VIEW': 'django.views.csrf.csrf_failure', 'CSRF_HEADER_NAME': 'HTTP_X_CSRFTOKEN', 'CSRF_TRUSTED_ORIGINS': [], 'CSRF_USE_SESSIONS': False, 'DATABASES': {'default': {'ENGINE': 'django.db.backends.postgresql', 'NAME': 'notion_things_db', 'USER': 'postgres', 'PASSWORD': '********************', 'HOST': 'localhost', 'PORT': '5432', 'ATOMIC_REQUESTS': False, 'AUTOCOMMIT': True, 'CONN_MAX_AGE': 0, 'CONN_HEALTH_CHECKS': False, 'OPTIONS': {}, 'TIME_ZONE': None, 'TEST': {'CHARSET': None, 'COLLATION': None, 'MIGRATE': True, 'MIRROR': None, 'NAME': None}}}, 'DATABASE_ROUTERS': [], 'DATA_UPLOAD_MAX_MEMORY_SIZE': 2621440, 'DATA_UPLOAD_MAX_NUMBER_FIELDS': 1000, 'DATA_UPLOAD_MAX_NUMBER_FILES': 100, 'DATETIME_FORMAT': 'N j, Y, P', 'DATETIME_INPUT_FORMATS': ['%Y-%m-%d %H:%M:%S', '%Y-%m-%d %H:%M:%S.%f', '%Y-%m-%d %H:%M', '%m/%d/%Y %H:%M:%S', '%m/%d/%Y %H:%M:%S.%f', '%m/%d/%Y %H:%M', '%m/%d/%y %H:%M:%S', '%m/%d/%y %H:%M:%S.%f', '%m/%d/%y %H:%M'], 'DATE_FORMAT': 'N j, Y', 'DATE_INPUT_FORMATS': ['%Y-%m-%d', '%m/%d/%Y', '%m/%d/%y', '%b %d %Y', '%b %d, %Y', '%d %b %Y', '%d %b, %Y', '%B %d %Y', '%B %d, %Y', '%d %B %Y', '%d %B, %Y'], 'DEBUG': True, 'DEBUG_PROPAGATE_EXCEPTIONS': False, 'DECIMAL_SEPARATOR': '.', 'DEFAULT_AUTO_FIELD': 'django.db.models.BigAutoField', 'DEFAULT_CHARSET': 'utf-8', 'DEFAULT_EXCEPTION_REPORTER': 'django.views.debug.ExceptionReporter', 'DEFAULT_EXCEPTION_REPORTER_FILTER': 'django.views.debug.SafeExceptionReporterFilter', 'DEFAULT_FROM_EMAIL': 'zakharomashov@yandex.ru', 'DEFAULT_INDEX_TABLESPACE': '', 'DEFAULT_TABLESPACE': '', 'DISALLOWED_USER_AGENTS': [], 'EMAIL_BACKEND': 'django.core.mail.backends.smtp.EmailBackend', 'EMAIL_HOST': 'smtp.yandex.ru', 'EMAIL_HOST_PASSWORD': '********************', 'EMAIL_HOST_USER': 'zakharomashov@yandex.ru', 'EMAIL_PORT': 465, 'EMAIL_SSL_CERTFILE': None, 'EMAIL_SSL_KEYFILE': '********************', 'EMAIL_SUBJECT_PREFIX': '[Django] ', 'EMAIL_TIMEOUT': None, 'EMAIL_USE_LOCALTIME': False, 'EMAIL_USE_SSL': True, 'EMAIL_USE_TLS': False, 'FILE_UPLOAD_DIRECTORY_PERMISSIONS': None, 'FILE_UPLOAD_HANDLERS': ['django.core.files.uploadhandler.MemoryFileUploadHandler', 'django.core.files.uploadhandler.TemporaryFileUploadHandler'], 'FILE_UPLOAD_MAX_MEMORY_SIZE': 2621440, 'FILE_UPLOAD_PERMISSIONS': 420, 'FILE_UPLOAD_TEMP_DIR': None, 'FIRST_DAY_OF_WEEK': 0, 'FIXTURE_DIRS': [], 'FORCE_SCRIPT_NAME': None, 'FORMAT_MODULE_PATH': None, 'FORMS_URLFIELD_ASSUME_HTTPS': False, 'FORM_RENDERER': 'django.forms.renderers.DjangoTemplates', 'FRONTEND_URL': 'http://localhost:3000', 'IGNORABLE_404_URLS': [], 'INSTALLED_APPS': ['django.contrib.admin', 'django.contrib.auth', 'django.contrib.contenttypes', 'django.contrib.sessions', 'django.contrib.messages', 'django.contrib.staticfiles', 'rest_framework', 'corsheaders', 'channels', 'mptt', 'api', 'documents', 'tasks', 'users'], 'INTERNAL_IPS': [], 'LANGUAGES': [('af', 'Afrikaans'), ('ar', 'Arabic'), ('ar-dz', 'Algerian Arabic'), ('ast', 'Asturian'), ('az', 'Azerbaijani'), ('bg', 'Bulgarian'), ('be', 'Belarusian'), ('bn', 'Bengali'), ('br', 'Breton'), ('bs', 'Bosnian'), ('ca', 'Catalan'), ('ckb', 'Central Kurdish (Sorani)'), ('cs', 'Czech'), ('cy', 'Welsh'), ('da', 'Danish'), ('de', 'German'), ('dsb', 'Lower Sorbian'), ('el', 'Greek'), ('en', 'English'), ('en-au', 'Australian English'), ('en-gb', 'British English'), ('eo', 'Esperanto'), ('es', 'Spanish'), ('es-ar', 'Argentinian Spanish'), ('es-co', 'Colombian Spanish'), ('es-mx', 'Mexican Spanish'), ('es-ni', 'Nicaraguan Spanish'), ('es-ve', 'Venezuelan Spanish'), ('et', 'Estonian'), ('eu', 'Basque'), ('fa', 'Persian'), ('fi', 'Finnish'), ('fr', 'French'), ('fy', 'Frisian'), ('ga', 'Irish'), ('gd', 'Scottish Gaelic'), ('gl', 'Galician'), ('he', 'Hebrew'), ('hi', 'Hindi'), ('hr', 'Croatian'), ('hsb', 'Upper Sorbian'), ('hu', 'Hungarian'), ('hy', 'Armenian'), ('ia', 'Interlingua'), ('id', 'Indonesian'), ('ig', 'Igbo'), ('io', 'Ido'), ('is', 'Icelandic'), ('it', 'Italian'), ('ja', 'Japanese'), ('ka', 'Georgian'), ('kab', 'Kabyle'), ('kk', 'Kazakh'), ('km', 'Khmer'), ('kn', 'Kannada'), ('ko', 'Korean'), ('ky', 'Kyrgyz'), ('lb', 'Luxembourgish'), ('lt', 'Lithuanian'), ('lv', 'Latvian'), ('mk', 'Macedonian'), ('ml', 'Malayalam'), ('mn', 'Mongolian'), ('mr', 'Marathi'), ('ms', 'Malay'), ('my', 'Burmese'), ('nb', 'Norwegian Bokmål'), ('ne', 'Nepali'), ('nl', 'Dutch'), ('nn', 'Norwegian Nynorsk'), ('os', 'Ossetic'), ('pa', 'Punjabi'), ('pl', 'Polish'), ('pt', 'Portuguese'), ('pt-br', 'Brazilian Portuguese'), ('ro', 'Romanian'), ('ru', 'Russian'), ('sk', 'Slovak'), ('sl', 'Slovenian'), ('sq', 'Albanian'), ('sr', 'Serbian'), ('sr-latn', 'Serbian Latin'), ('sv', 'Swedish'), ('sw', 'Swahili'), ('ta', 'Tamil'), ('te', 'Telugu'), ('tg', 'Tajik'), ('th', 'Thai'), ('tk', 'Turkmen'), ('tr', 'Turkish'), ('tt', 'Tatar'), ('udm', 'Udmurt'), ('ug', 'Uyghur'), ('uk', 'Ukrainian'), ('ur', 'Urdu'), ('uz', 'Uzbek'), ('vi', 'Vietnamese'), ('zh-hans', 'Simplified Chinese'), ('zh-hant', 'Traditional Chinese')], 'LANGUAGES_BIDI': ['he', 'ar', 'ar-dz', 'ckb', 'fa', 'ug', 'ur'], 'LANGUAGE_CODE': 'en-us', 'LANGUAGE_COOKIE_AGE': None, 'LANGUAGE_COOKIE_DOMAIN': None, 'LANGUAGE_COOKIE_HTTPONLY': False, 'LANGUAGE_COOKIE_NAME': 'django_language', 'LANGUAGE_COOKIE_PATH': '/', 'LANGUAGE_COOKIE_SAMESITE': None, 'LANGUAGE_COOKIE_SECURE': False, 'LOCALE_PATHS': [], 'LOGGING': {'version': 1, 'disable_existing_loggers': False, 'formatters': {'verbose': {'format': '{levelname} {asctime} {module} {message}', 'style': '{'}, 'simple': {'format': '{levelname} {message}', 'style': '{'}}, 'handlers': {'console': {'level': 'DEBUG', 'class': 'logging.StreamHandler', 'formatter': 'verbose'}, 'file': {'level': 'DEBUG', 'class': 'logging.FileHandler', 'filename': 'debug.log', 'formatter': 'verbose'}}, 'loggers': {'django': {'handlers': ['console', 'file'], 'level': 'INFO', 'propagate': True}, 'users': {'handlers': ['console', 'file'], 'level': 'DEBUG', 'propagate': True}, 'django.request': {'handlers': ['console', 'file'], 'level': 'DEBUG', 'propagate': False}, 'django.template': {'handlers': ['console', 'file'], 'level': 'DEBUG', 'propagate': False}, 'django.db.backends': {'handlers': ['console'], 'level': 'INFO', 'propagate': False}}}, 'LOGGING_CONFIG': 'logging.config.dictConfig', 'LOGIN_REDIRECT_URL': '/accounts/profile/', 'LOGIN_URL': '/accounts/login/', 'LOGOUT_REDIRECT_URL': None, 'MANAGERS': [], 'MEDIA_ROOT': '/Users/zaharromasov/Desktop/TRPO-ZES/backend/media', 'MEDIA_URL': '/media/', 'MESSAGE_STORAGE': 'django.contrib.messages.storage.fallback.FallbackStorage', 'MIDDLEWARE': ['django.middleware.security.SecurityMiddleware', 'django.contrib.sessions.middleware.SessionMiddleware', 'corsheaders.middleware.CorsMiddleware', 'django.middleware.common.CommonMiddleware', 'django.middleware.csrf.CsrfViewMiddleware', 'django.contrib.auth.middleware.AuthenticationMiddleware', 'django.contrib.messages.middleware.MessageMiddleware', 'django.middleware.clickjacking.XFrameOptionsMiddleware'], 'MIGRATION_MODULES': {}, 'MONTH_DAY_FORMAT': 'F j', 'NUMBER_GROUPING': 0, 'PASSWORD_HASHERS': '********************', 'PASSWORD_RESET_TIMEOUT': '********************', 'PREPEND_WWW': False, 'REST_FRAMEWORK': {'DEFAULT_AUTHENTICATION_CLASSES': ['rest_framework_simplejwt.authentication.JWTAuthentication'], 'DEFAULT_PERMISSION_CLASSES': ['rest_framework.permissions.IsAuthenticated']}, 'ROOT_URLCONF': 'core.urls', 'SECRET_KEY': '********************', 'SECRET_KEY_FALLBACKS': '********************', 'SECURE_CONTENT_TYPE_NOSNIFF': True, 'SECURE_CROSS_ORIGIN_OPENER_POLICY': 'same-origin', 'SECURE_HSTS_INCLUDE_SUBDOMAINS': False, 'SECURE_HSTS_PRELOAD': False, 'SECURE_HSTS_SECONDS': 0, 'SECURE_PROXY_SSL_HEADER': None, 'SECURE_REDIRECT_EXEMPT': [], 'SECURE_REFERRER_POLICY': 'same-origin', 'SECURE_SSL_HOST': None, 'SECURE_SSL_REDIRECT': False, 'SERVER_EMAIL': 'root@localhost', 'SESSION_CACHE_ALIAS': 'default', 'SESSION_COOKIE_AGE': 1209600, 'SESSION_COOKIE_DOMAIN': None, 'SESSION_COOKIE_HTTPONLY': True, 'SESSION_COOKIE_NAME': 'sessionid', 'SESSION_COOKIE_PATH': '/', 'SESSION_COOKIE_SAMESITE': 'Lax', 'SESSION_COOKIE_SECURE': False, 'SESSION_ENGINE': 'django.contrib.sessions.backends.db', 'SESSION_EXPIRE_AT_BROWSER_CLOSE': False, 'SESSION_FILE_PATH': None, 'SESSION_SAVE_EVERY_REQUEST': False, 'SESSION_SERIALIZER': 'django.contrib.sessions.serializers.JSONSerializer', 'SETTINGS_MODULE': 'core.settings', 'SHORT_DATETIME_FORMAT': 'm/d/Y P', 'SHORT_DATE_FORMAT': 'm/d/Y', 'SIGNING_BACKEND': 'django.core.signing.TimestampSigner', 'SILENCED_SYSTEM_CHECKS': [], 'STATICFILES_DIRS': [], 'STATICFILES_FINDERS': ['django.contrib.staticfiles.finders.FileSystemFinder', 'django.contrib.staticfiles.finders.AppDirectoriesFinder'], 'STATIC_ROOT': '/Users/zaharromasov/Desktop/TRPO-ZES/backend/staticfiles', 'STATIC_URL': '/static/', 'STORAGES': {'default': {'BACKEND': 'django.core.files.storage.FileSystemStorage'}, 'staticfiles': {'BACKEND': 'django.contrib.staticfiles.storage.StaticFilesStorage'}}, 'TEMPLATES': [{'BACKEND': 'django.template.backends.django.DjangoTemplates', 'DIRS': [PosixPath('/Users/zaharromasov/Desktop/TRPO-ZES/backend/templates')], 'APP_DIRS': True, 'OPTIONS': {'context_processors': ['django.template.context_processors.debug', 'django.template.context_processors.request', 'django.contrib.auth.context_processors.auth', 'django.contrib.messages.context_processors.messages']}}], 'TEST_NON_SERIALIZED_APPS': [], 'TEST_RUNNER': 'django.test.runner.DiscoverRunner', 'THOUSAND_SEPARATOR': ',', 'TIME_FORMAT': 'P', 'TIME_INPUT_FORMATS': ['%H:%M:%S', '%H:%M:%S.%f', '%H:%M'], 'TIME_ZONE': 'UTC', 'USE_I18N': True, 'USE_THOUSAND_SEPARATOR': False, 'USE_TZ': True, 'USE_X_FORWARDED_HOST': False, 'USE_X_FORWARDED_PORT': False, 'WSGI_APPLICATION': 'core.wsgi.application', 'X_FRAME_OPTIONS': 'DENY', 'YEAR_MONTH_FORMAT': 'F Y'}, 'sys_executable': '/Users/zaharromasov/Desktop/TRPO-ZES/backend/venv/bin/python', 'sys_version_info': '3.11.5', 'server_time': datetime.datetime(2025, 4, 8, 8, 23, 2, 352122, tzinfo=datetime.timezone.utc), 'django_version_info': '5.1.7', 'sys_path': ['/Users/zaharromasov/Desktop/TRPO-ZES/backend', '/Users/zaharromasov/anaconda3/lib/python311.zip', '/Users/zaharromasov/anaconda3/lib/python3.11', '/Users/zaharromasov/anaconda3/lib/python3.11/lib-dynload', '/Users/zaharromasov/Desktop/TRPO-ZES/backend/venv/lib/python3.11/site-packages'], 'template_info': None, 'template_does_not_exist': False, 'postmortem': None, 'request_GET_items': <generator object MultiValueDict.items at 0x1113f8c80>, 'request_FILES_items': <generator object MultiValueDict.items at 0x1113f8ac0>, 'request_insecure_uri': 'http://localhost:8000/api/token/refresh/', 'raising_view_name': 'rest_framework_simplejwt.views.TokenRefreshView', 'exception_type': 'DoesNotExist', 'exception_value': 'User matching query does not exist.', 'lastframe': {'exc_cause': None, 'exc_cause_explicit': None, 'tb': <traceback object at 0x1116f0dc0>, 'type': 'django', 'filename': '/Users/zaharromasov/Desktop/TRPO-ZES/backend/venv/lib/python3.11/site-packages/django/db/models/query.py', 'function': 'get', 'lineno': 649, 'vars': [('self', '<QuerySet [<User: user@user.ru>, <User: anton@mail.ru>, <User: zakhar@mail.ru>]>'), ('args', '()'), ('kwargs', "{'id': 45}"), ('clone', '<QuerySet []>'), ('limit', '21'), ('num', '0')], 'id': 4587457984, 'pre_context': ['        ):', '            limit = MAX_GET_RESULTS', '            clone.query.set_limits(high=limit)', '        num = len(clone)', '        if num == 1:', '            return clone._result_cache[0]', '        if not num:'], 'context_line': '            raise self.model.DoesNotExist(', 'post_context': ['                "%s matching query does not exist." % self.model._meta.object_name', '            )', '        raise self.model.MultipleObjectsReturned(', '            "get() returned more than one %s -- it returned %s!"', '            % (', '                self.model._meta.object_name,'], 'pre_context_lineno': 642, 'colno': '\n                 ^', 'tb_area_colno': '\n    ^'}}]
ERROR 2025-04-08 08:23:02,372 log Internal Server Error: /api/token/refresh/
Traceback (most recent call last):
  File "/Users/zaharromasov/Desktop/TRPO-ZES/backend/venv/lib/python3.11/site-packages/django/core/handlers/exception.py", line 55, in inner
    response = get_response(request)
               ^^^^^^^^^^^^^^^^^^^^^
  File "/Users/zaharromasov/Desktop/TRPO-ZES/backend/venv/lib/python3.11/site-packages/django/core/handlers/base.py", line 197, in _get_response
    response = wrapped_callback(request, *callback_args, **callback_kwargs)
               ^^^^^^^^^^^^^^^^^^^^^^^^^^^^^^^^^^^^^^^^^^^^^^^^^^^^^^^^^^^^
  File "/Users/zaharromasov/Desktop/TRPO-ZES/backend/venv/lib/python3.11/site-packages/django/views/decorators/csrf.py", line 65, in _view_wrapper
    return view_func(request, *args, **kwargs)
           ^^^^^^^^^^^^^^^^^^^^^^^^^^^^^^^^^^^
  File "/Users/zaharromasov/Desktop/TRPO-ZES/backend/venv/lib/python3.11/site-packages/django/views/generic/base.py", line 104, in view
    return self.dispatch(request, *args, **kwargs)
           ^^^^^^^^^^^^^^^^^^^^^^^^^^^^^^^^^^^^^^^
  File "/Users/zaharromasov/Desktop/TRPO-ZES/backend/venv/lib/python3.11/site-packages/rest_framework/views.py", line 509, in dispatch
    response = self.handle_exception(exc)
               ^^^^^^^^^^^^^^^^^^^^^^^^^^
  File "/Users/zaharromasov/Desktop/TRPO-ZES/backend/venv/lib/python3.11/site-packages/rest_framework/views.py", line 469, in handle_exception
    self.raise_uncaught_exception(exc)
  File "/Users/zaharromasov/Desktop/TRPO-ZES/backend/venv/lib/python3.11/site-packages/rest_framework/views.py", line 480, in raise_uncaught_exception
    raise exc
  File "/Users/zaharromasov/Desktop/TRPO-ZES/backend/venv/lib/python3.11/site-packages/rest_framework/views.py", line 506, in dispatch
    response = handler(request, *args, **kwargs)
               ^^^^^^^^^^^^^^^^^^^^^^^^^^^^^^^^^
  File "/Users/zaharromasov/Desktop/TRPO-ZES/backend/venv/lib/python3.11/site-packages/rest_framework_simplejwt/views.py", line 44, in post
    serializer.is_valid(raise_exception=True)
  File "/Users/zaharromasov/Desktop/TRPO-ZES/backend/venv/lib/python3.11/site-packages/rest_framework/serializers.py", line 223, in is_valid
    self._validated_data = self.run_validation(self.initial_data)
                           ^^^^^^^^^^^^^^^^^^^^^^^^^^^^^^^^^^^^^^
  File "/Users/zaharromasov/Desktop/TRPO-ZES/backend/venv/lib/python3.11/site-packages/rest_framework/serializers.py", line 445, in run_validation
    value = self.validate(value)
            ^^^^^^^^^^^^^^^^^^^^
  File "/Users/zaharromasov/Desktop/TRPO-ZES/backend/venv/lib/python3.11/site-packages/rest_framework_simplejwt/serializers.py", line 116, in validate
    user := get_user_model().objects.get(
            ^^^^^^^^^^^^^^^^^^^^^^^^^^^^^
  File "/Users/zaharromasov/Desktop/TRPO-ZES/backend/venv/lib/python3.11/site-packages/django/db/models/manager.py", line 87, in manager_method
    return getattr(self.get_queryset(), name)(*args, **kwargs)
           ^^^^^^^^^^^^^^^^^^^^^^^^^^^^^^^^^^^^^^^^^^^^^^^^^^^
  File "/Users/zaharromasov/Desktop/TRPO-ZES/backend/venv/lib/python3.11/site-packages/django/db/models/query.py", line 649, in get
    raise self.model.DoesNotExist(
users.models.User.DoesNotExist: User matching query does not exist.
ERROR 2025-04-08 08:23:02,373 basehttp "POST /api/token/refresh/ HTTP/1.1" 500 121339
INFO 2025-04-08 08:23:05,359 autoreload /Users/zaharromasov/Desktop/TRPO-ZES/backend/users/email_service.py changed, reloading.
INFO 2025-04-08 08:23:05,775 autoreload Watching for file changes with StatReloader
INFO 2025-04-08 08:23:06,982 autoreload /Users/zaharromasov/Desktop/TRPO-ZES/backend/users/email_service.py changed, reloading.
INFO 2025-04-08 08:23:07,187 autoreload Watching for file changes with StatReloader
INFO 2025-04-08 08:23:16,476 autoreload /Users/zaharromasov/Desktop/TRPO-ZES/backend/core/settings.py changed, reloading.
INFO 2025-04-08 08:23:16,722 autoreload Watching for file changes with StatReloader
INFO 2025-04-08 08:23:23,977 autoreload /Users/zaharromasov/Desktop/TRPO-ZES/backend/core/settings.py changed, reloading.
INFO 2025-04-08 08:23:24,238 autoreload Watching for file changes with StatReloader
INFO 2025-04-08 08:23:55,916 autoreload /Users/zaharromasov/Desktop/TRPO-ZES/backend/users/serializers.py changed, reloading.
INFO 2025-04-08 08:23:56,270 autoreload Watching for file changes with StatReloader
INFO 2025-04-08 08:24:08,734 autoreload /Users/zaharromasov/Desktop/TRPO-ZES/backend/users/views.py changed, reloading.
INFO 2025-04-08 08:24:09,049 autoreload Watching for file changes with StatReloader
INFO 2025-04-08 08:24:10,242 autoreload /Users/zaharromasov/Desktop/TRPO-ZES/backend/users/views.py changed, reloading.
INFO 2025-04-08 08:24:10,455 autoreload Watching for file changes with StatReloader
INFO 2025-04-08 08:24:19,765 autoreload /Users/zaharromasov/Desktop/TRPO-ZES/backend/core/settings.py changed, reloading.
INFO 2025-04-08 08:24:19,975 autoreload Watching for file changes with StatReloader
INFO 2025-04-08 08:24:28,250 autoreload /Users/zaharromasov/Desktop/TRPO-ZES/backend/core/settings.py changed, reloading.
INFO 2025-04-08 08:24:28,465 autoreload Watching for file changes with StatReloader
INFO 2025-04-08 08:24:35,761 autoreload /Users/zaharromasov/Desktop/TRPO-ZES/backend/core/settings.py changed, reloading.
INFO 2025-04-08 08:24:36,019 autoreload Watching for file changes with StatReloader
INFO 2025-04-08 08:24:43,296 autoreload /Users/zaharromasov/Desktop/TRPO-ZES/backend/core/settings.py changed, reloading.
INFO 2025-04-08 08:24:43,511 autoreload Watching for file changes with StatReloader
INFO 2025-04-08 08:25:33,493 views Создан новый пользователь: zakharrr@mail.ru
INFO 2025-04-08 08:25:34,067 email_service Письмо подтверждения отправлено на zakharrr@mail.ru
INFO 2025-04-08 08:25:34,068 basehttp "POST /api/register/ HTTP/1.1" 201 138
WARNING 2025-04-08 08:25:43,697 log Bad Request: /api/token/
WARNING 2025-04-08 08:25:43,698 basehttp "POST /api/token/ HTTP/1.1" 400 150
INFO 2025-04-08 08:26:06,821 views Создан новый пользователь: abragimovlim@gmail.com
INFO 2025-04-08 08:26:07,347 email_service Письмо подтверждения отправлено на abragimovlim@gmail.com
INFO 2025-04-08 08:26:07,350 basehttp "POST /api/register/ HTTP/1.1" 201 144
INFO 2025-04-08 08:26:26,597 views Пользователь abragimovlim@gmail.com подтвердил свой email
INFO 2025-04-08 08:26:26,598 basehttp "POST /api/verify-email/ HTTP/1.1" 200 57
INFO 2025-04-08 08:26:26,876 basehttp "POST /api/token/ HTTP/1.1" 200 486
INFO 2025-04-08 08:26:27,886 basehttp "OPTIONS /api/documents/?root=true HTTP/1.1" 200 0
INFO 2025-04-08 08:26:27,898 basehttp "GET /api/documents/?root=true HTTP/1.1" 200 2
INFO 2025-04-08 08:26:28,093 basehttp "OPTIONS /api/users/notifications/ HTTP/1.1" 200 0
INFO 2025-04-08 08:26:28,094 basehttp "OPTIONS /api/documents/?root=true HTTP/1.1" 200 0
INFO 2025-04-08 08:26:28,101 basehttp "OPTIONS /api/users/me/ HTTP/1.1" 200 0
INFO 2025-04-08 08:26:28,101 basehttp "OPTIONS /api/users/notifications/ HTTP/1.1" 200 0
INFO 2025-04-08 08:26:28,101 basehttp "OPTIONS /api/documents/?root=true HTTP/1.1" 200 0
INFO 2025-04-08 08:26:28,118 basehttp "GET /api/users/me/ HTTP/1.1" 200 153
INFO 2025-04-08 08:26:28,118 basehttp "GET /api/documents/?root=true HTTP/1.1" 200 2
INFO 2025-04-08 08:26:28,121 basehttp "OPTIONS /api/documents/?root=true HTTP/1.1" 200 0
INFO 2025-04-08 08:26:28,124 basehttp "GET /api/users/notifications/ HTTP/1.1" 200 2
INFO 2025-04-08 08:26:28,129 basehttp "GET /api/documents/?root=true HTTP/1.1" 200 2
INFO 2025-04-08 08:26:28,132 basehttp "GET /api/users/notifications/ HTTP/1.1" 200 2
INFO 2025-04-08 08:26:28,137 basehttp "GET /api/documents/?root=true HTTP/1.1" 200 2
INFO 2025-04-08 08:26:28,139 basehttp "OPTIONS /api/documents/ HTTP/1.1" 200 0
INFO 2025-04-08 08:26:28,154 basehttp "POST /api/documents/ HTTP/1.1" 201 226
INFO 2025-04-08 08:26:28,372 basehttp "OPTIONS /api/documents/favorites/ HTTP/1.1" 200 0
INFO 2025-04-08 08:26:28,372 basehttp "OPTIONS /api/documents/shared_with_me/ HTTP/1.1" 200 0
INFO 2025-04-08 08:26:28,372 basehttp "OPTIONS /api/documents/favorites/ HTTP/1.1" 200 0
INFO 2025-04-08 08:26:28,373 basehttp "OPTIONS /api/users/me/ HTTP/1.1" 200 0
INFO 2025-04-08 08:26:28,375 basehttp "OPTIONS /api/documents/152/ HTTP/1.1" 200 0
INFO 2025-04-08 08:26:28,376 basehttp "OPTIONS /api/documents/shared_with_me/ HTTP/1.1" 200 0
INFO 2025-04-08 08:26:28,377 basehttp "OPTIONS /api/documents/152/ HTTP/1.1" 200 0
INFO 2025-04-08 08:26:28,399 basehttp "GET /api/documents/favorites/ HTTP/1.1" 200 2
INFO 2025-04-08 08:26:28,401 basehttp "GET /api/users/me/ HTTP/1.1" 200 153
INFO 2025-04-08 08:26:28,408 basehttp "GET /api/documents/shared_with_me/ HTTP/1.1" 200 2
INFO 2025-04-08 08:26:28,410 basehttp "GET /api/documents/favorites/ HTTP/1.1" 200 2
INFO 2025-04-08 08:26:28,414 basehttp "GET /api/documents/152/ HTTP/1.1" 200 1818
INFO 2025-04-08 08:26:28,421 basehttp "GET /api/documents/shared_with_me/ HTTP/1.1" 200 2
INFO 2025-04-08 08:26:28,425 basehttp "GET /api/documents/152/ HTTP/1.1" 200 1818
INFO 2025-04-08 08:26:28,436 basehttp "OPTIONS /api/users/notifications/ HTTP/1.1" 200 0
INFO 2025-04-08 08:26:28,436 basehttp "OPTIONS /api/users/notifications/ HTTP/1.1" 200 0
INFO 2025-04-08 08:26:28,445 basehttp "GET /api/users/notifications/ HTTP/1.1" 200 2
INFO 2025-04-08 08:26:28,481 basehttp "GET /api/users/notifications/ HTTP/1.1" 200 2
INFO 2025-04-08 08:26:30,139 basehttp "OPTIONS /api/documents/?root=true HTTP/1.1" 200 0
INFO 2025-04-08 08:26:30,159 basehttp "GET /api/documents/?root=true HTTP/1.1" 200 228
INFO 2025-04-08 08:26:36,841 basehttp "OPTIONS /api/documents/152/ HTTP/1.1" 200 0
INFO 2025-04-08 08:26:36,866 basehttp "PUT /api/documents/152/ HTTP/1.1" 200 226
INFO 2025-04-08 08:26:37,502 basehttp "OPTIONS /api/documents/152/ HTTP/1.1" 200 0
INFO 2025-04-08 08:26:37,526 basehttp "PUT /api/documents/152/ HTTP/1.1" 200 226
INFO 2025-04-08 08:26:37,886 basehttp "OPTIONS /api/documents/152/ HTTP/1.1" 200 0
INFO 2025-04-08 08:26:37,899 basehttp "GET /api/documents/152/ HTTP/1.1" 200 2341
INFO 2025-04-08 08:26:37,901 basehttp "OPTIONS /api/documents/ HTTP/1.1" 200 0
INFO 2025-04-08 08:26:37,917 basehttp "POST /api/documents/ HTTP/1.1" 201 206
INFO 2025-04-08 08:26:37,920 basehttp "OPTIONS /api/documents/152/ HTTP/1.1" 200 0
INFO 2025-04-08 08:26:37,934 basehttp "PUT /api/documents/152/ HTTP/1.1" 200 226
INFO 2025-04-08 08:26:38,593 basehttp "OPTIONS /api/documents/152/ HTTP/1.1" 200 0
INFO 2025-04-08 08:26:38,619 basehttp "PUT /api/documents/152/ HTTP/1.1" 200 226
INFO 2025-04-08 08:26:39,727 basehttp "OPTIONS /api/documents/favorites/ HTTP/1.1" 200 0
INFO 2025-04-08 08:26:39,731 basehttp "OPTIONS /api/documents/shared_with_me/ HTTP/1.1" 200 0
INFO 2025-04-08 08:26:39,732 basehttp "OPTIONS /api/documents/153/ HTTP/1.1" 200 0
INFO 2025-04-08 08:26:39,735 basehttp "OPTIONS /api/users/me/ HTTP/1.1" 200 0
INFO 2025-04-08 08:26:39,742 basehttp "GET /api/documents/favorites/ HTTP/1.1" 200 2
INFO 2025-04-08 08:26:39,744 basehttp "GET /api/documents/shared_with_me/ HTTP/1.1" 200 2
INFO 2025-04-08 08:26:39,744 basehttp "GET /api/users/me/ HTTP/1.1" 200 153
INFO 2025-04-08 08:26:39,750 basehttp "GET /api/documents/153/ HTTP/1.1" 200 379
INFO 2025-04-08 08:26:39,794 basehttp "OPTIONS /api/users/notifications/ HTTP/1.1" 200 0
INFO 2025-04-08 08:26:39,796 basehttp "OPTIONS /api/users/notifications/ HTTP/1.1" 200 0
INFO 2025-04-08 08:26:39,822 basehttp "GET /api/users/notifications/ HTTP/1.1" 200 2
INFO 2025-04-08 08:26:39,861 basehttp "GET /api/users/notifications/ HTTP/1.1" 200 2
INFO 2025-04-08 08:26:41,972 basehttp "OPTIONS /api/documents/152/ HTTP/1.1" 200 0
INFO 2025-04-08 08:26:41,994 basehttp "GET /api/documents/152/ HTTP/1.1" 200 2588
INFO 2025-04-08 08:26:41,998 basehttp "OPTIONS /api/documents/152/ HTTP/1.1" 200 0
INFO 2025-04-08 08:26:42,021 basehttp "PUT /api/documents/152/ HTTP/1.1" 200 226
INFO 2025-04-08 08:26:42,140 basehttp "OPTIONS /api/documents/152/ HTTP/1.1" 200 0
INFO 2025-04-08 08:26:42,162 basehttp "GET /api/documents/152/ HTTP/1.1" 200 2563
INFO 2025-04-08 08:26:42,164 basehttp "OPTIONS /api/documents/152/ HTTP/1.1" 200 0
INFO 2025-04-08 08:26:42,180 basehttp "PUT /api/documents/152/ HTTP/1.1" 200 226
INFO 2025-04-08 08:26:42,252 basehttp "OPTIONS /api/documents/152/ HTTP/1.1" 200 0
INFO 2025-04-08 08:26:42,271 basehttp "GET /api/documents/152/ HTTP/1.1" 200 2565
INFO 2025-04-08 08:26:42,273 basehttp "OPTIONS /api/documents/152/ HTTP/1.1" 200 0
INFO 2025-04-08 08:26:42,292 basehttp "PUT /api/documents/152/ HTTP/1.1" 200 226
INFO 2025-04-08 08:26:42,354 basehttp "OPTIONS /api/documents/152/ HTTP/1.1" 200 0
INFO 2025-04-08 08:26:42,368 basehttp "GET /api/documents/152/ HTTP/1.1" 200 2567
INFO 2025-04-08 08:26:42,370 basehttp "OPTIONS /api/documents/152/ HTTP/1.1" 200 0
INFO 2025-04-08 08:26:42,386 basehttp "PUT /api/documents/152/ HTTP/1.1" 200 226
INFO 2025-04-08 08:26:42,429 basehttp "OPTIONS /api/documents/152/ HTTP/1.1" 200 0
INFO 2025-04-08 08:26:42,449 basehttp "GET /api/documents/152/ HTTP/1.1" 200 2569
INFO 2025-04-08 08:26:42,451 basehttp "OPTIONS /api/documents/152/ HTTP/1.1" 200 0
INFO 2025-04-08 08:26:42,470 basehttp "PUT /api/documents/152/ HTTP/1.1" 200 226
INFO 2025-04-08 08:26:42,519 basehttp "OPTIONS /api/documents/152/ HTTP/1.1" 200 0
INFO 2025-04-08 08:26:42,541 basehttp "GET /api/documents/152/ HTTP/1.1" 200 2571
INFO 2025-04-08 08:26:42,543 basehttp "OPTIONS /api/documents/152/ HTTP/1.1" 200 0
INFO 2025-04-08 08:26:42,564 basehttp "PUT /api/documents/152/ HTTP/1.1" 200 226
INFO 2025-04-08 08:26:42,582 basehttp "OPTIONS /api/documents/152/ HTTP/1.1" 200 0
INFO 2025-04-08 08:26:42,599 basehttp "GET /api/documents/152/ HTTP/1.1" 200 2573
INFO 2025-04-08 08:26:42,601 basehttp "OPTIONS /api/documents/152/ HTTP/1.1" 200 0
INFO 2025-04-08 08:26:42,620 basehttp "PUT /api/documents/152/ HTTP/1.1" 200 226
INFO 2025-04-08 08:26:42,670 basehttp "OPTIONS /api/documents/152/ HTTP/1.1" 200 0
INFO 2025-04-08 08:26:42,694 basehttp "GET /api/documents/152/ HTTP/1.1" 200 2575
INFO 2025-04-08 08:26:42,697 basehttp "OPTIONS /api/documents/152/ HTTP/1.1" 200 0
INFO 2025-04-08 08:26:42,718 basehttp "PUT /api/documents/152/ HTTP/1.1" 200 226
INFO 2025-04-08 08:26:42,736 basehttp "OPTIONS /api/documents/152/ HTTP/1.1" 200 0
INFO 2025-04-08 08:26:42,754 basehttp "GET /api/documents/152/ HTTP/1.1" 200 2577
INFO 2025-04-08 08:26:42,756 basehttp "OPTIONS /api/documents/152/ HTTP/1.1" 200 0
INFO 2025-04-08 08:26:42,774 basehttp "PUT /api/documents/152/ HTTP/1.1" 200 226
INFO 2025-04-08 08:26:42,799 basehttp "OPTIONS /api/documents/152/ HTTP/1.1" 200 0
INFO 2025-04-08 08:26:42,815 basehttp "GET /api/documents/152/ HTTP/1.1" 200 2579
INFO 2025-04-08 08:26:42,821 basehttp "OPTIONS /api/documents/152/ HTTP/1.1" 200 0
INFO 2025-04-08 08:26:42,837 basehttp "PUT /api/documents/152/ HTTP/1.1" 200 226
INFO 2025-04-08 08:26:42,892 basehttp "OPTIONS /api/documents/152/ HTTP/1.1" 200 0
INFO 2025-04-08 08:26:42,910 basehttp "GET /api/documents/152/ HTTP/1.1" 200 2581
INFO 2025-04-08 08:26:42,912 basehttp "OPTIONS /api/documents/152/ HTTP/1.1" 200 0
INFO 2025-04-08 08:26:42,928 basehttp "PUT /api/documents/152/ HTTP/1.1" 200 226
INFO 2025-04-08 08:26:42,986 basehttp "OPTIONS /api/documents/152/ HTTP/1.1" 200 0
INFO 2025-04-08 08:26:43,000 basehttp "GET /api/documents/152/ HTTP/1.1" 200 2583
INFO 2025-04-08 08:26:43,002 basehttp "OPTIONS /api/documents/152/ HTTP/1.1" 200 0
INFO 2025-04-08 08:26:43,022 basehttp "PUT /api/documents/152/ HTTP/1.1" 200 226
INFO 2025-04-08 08:26:43,043 basehttp "OPTIONS /api/documents/152/ HTTP/1.1" 200 0
INFO 2025-04-08 08:26:43,062 basehttp "GET /api/documents/152/ HTTP/1.1" 200 2585
INFO 2025-04-08 08:26:43,064 basehttp "OPTIONS /api/documents/152/ HTTP/1.1" 200 0
INFO 2025-04-08 08:26:43,083 basehttp "PUT /api/documents/152/ HTTP/1.1" 200 226
INFO 2025-04-08 08:26:43,132 basehttp "OPTIONS /api/documents/152/ HTTP/1.1" 200 0
INFO 2025-04-08 08:26:43,151 basehttp "GET /api/documents/152/ HTTP/1.1" 200 2587
INFO 2025-04-08 08:26:43,153 basehttp "OPTIONS /api/documents/152/ HTTP/1.1" 200 0
INFO 2025-04-08 08:26:43,174 basehttp "PUT /api/documents/152/ HTTP/1.1" 200 226
INFO 2025-04-08 08:26:43,216 basehttp "OPTIONS /api/documents/152/ HTTP/1.1" 200 0
INFO 2025-04-08 08:26:43,235 basehttp "GET /api/documents/152/ HTTP/1.1" 200 2589
INFO 2025-04-08 08:26:43,237 basehttp "OPTIONS /api/documents/152/ HTTP/1.1" 200 0
INFO 2025-04-08 08:26:43,257 basehttp "PUT /api/documents/152/ HTTP/1.1" 200 226
INFO 2025-04-08 08:26:43,290 basehttp "OPTIONS /api/documents/152/ HTTP/1.1" 200 0
INFO 2025-04-08 08:26:43,314 basehttp "GET /api/documents/152/ HTTP/1.1" 200 2591
INFO 2025-04-08 08:26:43,316 basehttp "OPTIONS /api/documents/152/ HTTP/1.1" 200 0
INFO 2025-04-08 08:26:43,338 basehttp "PUT /api/documents/152/ HTTP/1.1" 200 226
INFO 2025-04-08 08:26:43,988 basehttp "OPTIONS /api/documents/152/ HTTP/1.1" 200 0
INFO 2025-04-08 08:26:44,008 basehttp "GET /api/documents/152/ HTTP/1.1" 200 2593
INFO 2025-04-08 08:26:44,011 basehttp "OPTIONS /api/documents/152/ HTTP/1.1" 200 0
INFO 2025-04-08 08:26:44,030 basehttp "PUT /api/documents/152/ HTTP/1.1" 200 226
INFO 2025-04-08 08:26:44,977 basehttp "OPTIONS /api/documents/153/ HTTP/1.1" 200 0
INFO 2025-04-08 08:26:45,017 basehttp "PUT /api/documents/153/ HTTP/1.1" 200 212
INFO 2025-04-08 08:26:45,020 basehttp "OPTIONS /api/documents/152/ HTTP/1.1" 200 0
INFO 2025-04-08 08:26:45,034 basehttp "GET /api/documents/152/ HTTP/1.1" 200 2600
INFO 2025-04-08 08:26:45,036 basehttp "OPTIONS /api/documents/152/ HTTP/1.1" 200 0
INFO 2025-04-08 08:26:45,052 basehttp "PUT /api/documents/152/ HTTP/1.1" 200 226
INFO 2025-04-08 08:26:48,796 basehttp "OPTIONS /api/documents/153/toggle_favorite/ HTTP/1.1" 200 0
INFO 2025-04-08 08:26:48,813 basehttp "POST /api/documents/153/toggle_favorite/ HTTP/1.1" 200 211
INFO 2025-04-08 08:26:50,718 basehttp "OPTIONS /api/documents/152/ HTTP/1.1" 200 0
INFO 2025-04-08 08:26:50,738 basehttp "GET /api/documents/152/ HTTP/1.1" 200 2599
INFO 2025-04-08 08:26:50,740 basehttp "OPTIONS /api/documents/152/ HTTP/1.1" 200 0
INFO 2025-04-08 08:26:50,759 basehttp "PUT /api/documents/152/ HTTP/1.1" 200 226
INFO 2025-04-08 08:26:50,783 basehttp "OPTIONS /api/documents/152/ HTTP/1.1" 200 0
INFO 2025-04-08 08:26:50,804 basehttp "GET /api/documents/152/ HTTP/1.1" 200 2601
INFO 2025-04-08 08:26:50,806 basehttp "OPTIONS /api/documents/152/ HTTP/1.1" 200 0
INFO 2025-04-08 08:26:50,826 basehttp "PUT /api/documents/152/ HTTP/1.1" 200 226
INFO 2025-04-08 08:26:50,915 basehttp "OPTIONS /api/documents/152/ HTTP/1.1" 200 0
INFO 2025-04-08 08:26:50,938 basehttp "GET /api/documents/152/ HTTP/1.1" 200 2603
INFO 2025-04-08 08:26:50,941 basehttp "OPTIONS /api/documents/152/ HTTP/1.1" 200 0
INFO 2025-04-08 08:26:50,962 basehttp "PUT /api/documents/152/ HTTP/1.1" 200 226
INFO 2025-04-08 08:26:50,978 basehttp "OPTIONS /api/documents/152/ HTTP/1.1" 200 0
INFO 2025-04-08 08:26:50,996 basehttp "GET /api/documents/152/ HTTP/1.1" 200 2605
INFO 2025-04-08 08:26:50,998 basehttp "OPTIONS /api/documents/152/ HTTP/1.1" 200 0
INFO 2025-04-08 08:26:51,018 basehttp "PUT /api/documents/152/ HTTP/1.1" 200 226
INFO 2025-04-08 08:26:51,140 basehttp "OPTIONS /api/documents/152/ HTTP/1.1" 200 0
INFO 2025-04-08 08:26:51,161 basehttp "GET /api/documents/152/ HTTP/1.1" 200 2607
INFO 2025-04-08 08:26:51,163 basehttp "OPTIONS /api/documents/152/ HTTP/1.1" 200 0
INFO 2025-04-08 08:26:51,184 basehttp "PUT /api/documents/152/ HTTP/1.1" 200 226
INFO 2025-04-08 08:26:51,243 basehttp "OPTIONS /api/documents/152/ HTTP/1.1" 200 0
INFO 2025-04-08 08:26:51,263 basehttp "GET /api/documents/152/ HTTP/1.1" 200 2609
INFO 2025-04-08 08:26:51,265 basehttp "OPTIONS /api/documents/152/ HTTP/1.1" 200 0
INFO 2025-04-08 08:26:51,283 basehttp "PUT /api/documents/152/ HTTP/1.1" 200 226
INFO 2025-04-08 08:26:51,321 basehttp "OPTIONS /api/documents/152/ HTTP/1.1" 200 0
INFO 2025-04-08 08:26:51,341 basehttp "GET /api/documents/152/ HTTP/1.1" 200 2611
INFO 2025-04-08 08:26:51,344 basehttp "OPTIONS /api/documents/152/ HTTP/1.1" 200 0
INFO 2025-04-08 08:26:51,361 basehttp "PUT /api/documents/152/ HTTP/1.1" 200 226
INFO 2025-04-08 08:26:51,416 basehttp "OPTIONS /api/documents/152/ HTTP/1.1" 200 0
INFO 2025-04-08 08:26:51,436 basehttp "GET /api/documents/152/ HTTP/1.1" 200 2613
INFO 2025-04-08 08:26:51,438 basehttp "OPTIONS /api/documents/152/ HTTP/1.1" 200 0
INFO 2025-04-08 08:26:51,457 basehttp "PUT /api/documents/152/ HTTP/1.1" 200 226
INFO 2025-04-08 08:26:51,510 basehttp "OPTIONS /api/documents/152/ HTTP/1.1" 200 0
INFO 2025-04-08 08:26:51,529 basehttp "GET /api/documents/152/ HTTP/1.1" 200 2615
INFO 2025-04-08 08:26:51,531 basehttp "OPTIONS /api/documents/152/ HTTP/1.1" 200 0
INFO 2025-04-08 08:26:51,549 basehttp "PUT /api/documents/152/ HTTP/1.1" 200 226
INFO 2025-04-08 08:26:51,598 basehttp "OPTIONS /api/documents/152/ HTTP/1.1" 200 0
INFO 2025-04-08 08:26:51,615 basehttp "GET /api/documents/152/ HTTP/1.1" 200 2617
INFO 2025-04-08 08:26:51,617 basehttp "OPTIONS /api/documents/152/ HTTP/1.1" 200 0
INFO 2025-04-08 08:26:51,634 basehttp "PUT /api/documents/152/ HTTP/1.1" 200 226
INFO 2025-04-08 08:26:51,673 basehttp "OPTIONS /api/documents/152/ HTTP/1.1" 200 0
INFO 2025-04-08 08:26:51,694 basehttp "GET /api/documents/152/ HTTP/1.1" 200 2619
INFO 2025-04-08 08:26:51,697 basehttp "OPTIONS /api/documents/152/ HTTP/1.1" 200 0
INFO 2025-04-08 08:26:51,718 basehttp "PUT /api/documents/152/ HTTP/1.1" 200 226
INFO 2025-04-08 08:26:51,760 basehttp "OPTIONS /api/documents/152/ HTTP/1.1" 200 0
INFO 2025-04-08 08:26:51,782 basehttp "GET /api/documents/152/ HTTP/1.1" 200 2621
INFO 2025-04-08 08:26:51,784 basehttp "OPTIONS /api/documents/152/ HTTP/1.1" 200 0
INFO 2025-04-08 08:26:51,805 basehttp "PUT /api/documents/152/ HTTP/1.1" 200 226
INFO 2025-04-08 08:26:51,838 basehttp "OPTIONS /api/documents/152/ HTTP/1.1" 200 0
INFO 2025-04-08 08:26:51,851 basehttp "GET /api/documents/152/ HTTP/1.1" 200 2623
INFO 2025-04-08 08:26:51,853 basehttp "OPTIONS /api/documents/152/ HTTP/1.1" 200 0
INFO 2025-04-08 08:26:51,873 basehttp "PUT /api/documents/152/ HTTP/1.1" 200 226
INFO 2025-04-08 08:26:51,957 basehttp "OPTIONS /api/documents/152/ HTTP/1.1" 200 0
INFO 2025-04-08 08:26:51,977 basehttp "GET /api/documents/152/ HTTP/1.1" 200 2625
INFO 2025-04-08 08:26:51,979 basehttp "OPTIONS /api/documents/152/ HTTP/1.1" 200 0
INFO 2025-04-08 08:26:51,999 basehttp "PUT /api/documents/152/ HTTP/1.1" 200 226
INFO 2025-04-08 08:26:52,187 basehttp "OPTIONS /api/documents/152/ HTTP/1.1" 200 0
INFO 2025-04-08 08:26:52,208 basehttp "GET /api/documents/152/ HTTP/1.1" 200 2627
INFO 2025-04-08 08:26:52,210 basehttp "OPTIONS /api/documents/152/ HTTP/1.1" 200 0
INFO 2025-04-08 08:26:52,228 basehttp "PUT /api/documents/152/ HTTP/1.1" 200 226
INFO 2025-04-08 08:26:53,178 basehttp "OPTIONS /api/documents/153/ HTTP/1.1" 200 0
INFO 2025-04-08 08:26:53,208 basehttp "PUT /api/documents/153/ HTTP/1.1" 200 241
INFO 2025-04-08 08:26:53,215 basehttp "OPTIONS /api/documents/152/ HTTP/1.1" 200 0
INFO 2025-04-08 08:26:53,231 basehttp "GET /api/documents/152/ HTTP/1.1" 200 2659
INFO 2025-04-08 08:26:53,237 basehttp "OPTIONS /api/documents/152/ HTTP/1.1" 200 0
INFO 2025-04-08 08:26:53,251 basehttp "PUT /api/documents/152/ HTTP/1.1" 200 226
INFO 2025-04-08 08:26:53,714 basehttp "OPTIONS /api/documents/favorites/ HTTP/1.1" 200 0
INFO 2025-04-08 08:26:53,716 basehttp "OPTIONS /api/documents/shared_with_me/ HTTP/1.1" 200 0
INFO 2025-04-08 08:26:53,718 basehttp "OPTIONS /api/documents/153/ HTTP/1.1" 200 0
INFO 2025-04-08 08:26:53,721 basehttp "OPTIONS /api/users/me/ HTTP/1.1" 200 0
INFO 2025-04-08 08:26:53,747 basehttp "GET /api/users/me/ HTTP/1.1" 200 153
INFO 2025-04-08 08:26:53,748 basehttp "GET /api/documents/favorites/ HTTP/1.1" 200 243
INFO 2025-04-08 08:26:53,748 basehttp "GET /api/documents/shared_with_me/ HTTP/1.1" 200 2
INFO 2025-04-08 08:26:53,751 basehttp "GET /api/documents/153/ HTTP/1.1" 200 414
INFO 2025-04-08 08:26:53,795 basehttp "OPTIONS /api/users/notifications/ HTTP/1.1" 200 0
INFO 2025-04-08 08:26:53,796 basehttp "OPTIONS /api/users/notifications/ HTTP/1.1" 200 0
INFO 2025-04-08 08:26:53,803 basehttp "GET /api/users/notifications/ HTTP/1.1" 200 2
INFO 2025-04-08 08:26:53,810 basehttp "GET /api/users/notifications/ HTTP/1.1" 200 2
